TN:
SF:app/_layout.tsx
FN:10,RootLayout
FNF:1
FNH:0
FNDA:0,RootLayout
DA:8,0
DA:11,0
DA:13,0
LF:3
LH:0
BRDA:14,0,0,0
BRDA:14,0,1,0
BRF:2
BRH:0
end_of_record
TN:
SF:app/activity.tsx
FN:7,activityScreen
FNF:1
FNH:0
FNDA:0,activityScreen
DA:8,0
LF:1
LH:0
BRF:0
BRH:0
end_of_record
TN:
SF:app/index.tsx
FN:5,IndexScreen
FN:8,(anonymous_1)
FN:9,(anonymous_2)
FN:13,(anonymous_3)
FNF:4
FNH:4
FNDA:3,IndexScreen
FNDA:3,(anonymous_1)
FNDA:1,(anonymous_2)
FNDA:3,(anonymous_3)
DA:6,3
DA:8,3
DA:9,3
DA:10,1
DA:13,3
DA:16,3
LF:6
LH:6
BRF:0
BRH:0
end_of_record
TN:
SF:app/loginSuccess.tsx
FN:6,LoginSuccess
FN:10,(anonymous_1)
FN:11,(anonymous_2)
FNF:3
FNH:0
FNDA:0,LoginSuccess
FNDA:0,(anonymous_1)
FNDA:0,(anonymous_2)
DA:7,0
DA:8,0
DA:10,0
DA:11,0
DA:12,0
DA:13,0
DA:14,0
DA:17,0
DA:18,0
DA:19,0
DA:20,0
DA:23,0
DA:24,0
DA:26,0
DA:27,0
DA:28,0
DA:32,0
DA:33,0
DA:36,0
DA:40,0
DA:43,0
LF:21
LH:0
BRDA:12,0,0,0
BRDA:12,0,1,0
BRDA:17,1,0,0
BRDA:17,1,1,0
BRDA:18,2,0,0
BRDA:18,2,1,0
BRDA:18,3,0,0
BRDA:18,3,1,0
BRDA:24,4,0,0
BRDA:24,4,1,0
BRDA:26,5,0,0
BRDA:26,5,1,0
BRF:12
BRH:0
end_of_record
TN:
SF:app/messages.tsx
FN:11,MessagesScreen
FN:19,(anonymous_1)
FN:24,(anonymous_2)
FN:35,(anonymous_3)
FN:52,(anonymous_4)
FN:55,(anonymous_5)
FN:84,(anonymous_6)
FN:100,(anonymous_7)
FN:123,(anonymous_8)
FNF:9
FNH:6
FNDA:8,MessagesScreen
FNDA:4,(anonymous_1)
FNDA:4,(anonymous_2)
FNDA:4,(anonymous_3)
FNDA:1,(anonymous_4)
FNDA:0,(anonymous_5)
FNDA:0,(anonymous_6)
FNDA:0,(anonymous_7)
FNDA:2,(anonymous_8)
DA:9,1
DA:12,8
DA:13,8
DA:14,8
DA:15,8
DA:16,8
DA:17,8
DA:19,8
DA:20,4
DA:24,8
DA:25,4
DA:26,0
DA:31,0
DA:35,8
DA:36,4
DA:37,4
DA:38,4
DA:40,4
DA:41,4
DA:42,3
DA:43,3
DA:46,0
DA:48,3
DA:52,8
DA:53,1
DA:55,0
DA:69,8
DA:70,5
DA:77,3
DA:78,0
DA:84,0
DA:92,3
DA:93,0
DA:100,0
DA:115,3
DA:123,2
DA:140,1
LF:37
LH:29
BRDA:25,0,0,0
BRDA:25,0,1,4
BRDA:25,1,0,4
BRDA:25,1,1,0
BRDA:40,2,0,4
BRDA:40,2,1,0
BRDA:59,3,0,1
BRDA:59,3,1,0
BRDA:63,4,0,1
BRDA:63,4,1,0
BRDA:64,5,0,1
BRDA:64,5,1,1
BRDA:69,6,0,5
BRDA:69,6,1,3
BRDA:77,7,0,0
BRDA:77,7,1,3
BRDA:92,8,0,0
BRDA:92,8,1,3
BRDA:123,9,0,2
BRDA:123,9,1,0
BRF:20
BRH:12
end_of_record
TN:
SF:app/modal.tsx
FN:7,ModalScreen
FNF:1
FNH:0
FNDA:0,ModalScreen
DA:8,0
DA:18,0
LF:2
LH:0
BRF:0
BRH:0
end_of_record
TN:
SF:app/selectCat.tsx
FN:22,SelectCatScreen
FN:32,(anonymous_1)
FN:33,(anonymous_2)
FN:71,(anonymous_3)
FN:81,(anonymous_4)
FN:126,(anonymous_5)
FN:160,(anonymous_6)
FN:181,(anonymous_7)
FN:183,(anonymous_8)
FN:186,(anonymous_9)
FNF:10
FNH:0
FNDA:0,SelectCatScreen
FNDA:0,(anonymous_1)
FNDA:0,(anonymous_2)
FNDA:0,(anonymous_3)
FNDA:0,(anonymous_4)
FNDA:0,(anonymous_5)
FNDA:0,(anonymous_6)
FNDA:0,(anonymous_7)
FNDA:0,(anonymous_8)
FNDA:0,(anonymous_9)
DA:20,0
DA:23,0
DA:24,0
DA:25,0
DA:26,0
DA:28,0
DA:29,0
DA:32,0
DA:33,0
DA:34,0
DA:35,0
DA:36,0
DA:37,0
DA:38,0
DA:39,0
DA:41,0
DA:43,0
DA:50,0
DA:51,0
DA:52,0
DA:55,0
DA:56,0
DA:59,0
DA:61,0
DA:62,0
DA:64,0
DA:68,0
DA:71,0
DA:72,0
DA:73,0
DA:74,0
DA:76,0
DA:77,0
DA:81,0
DA:82,0
DA:84,0
DA:85,0
DA:87,0
DA:88,0
DA:89,0
DA:92,0
DA:94,0
DA:95,0
DA:96,0
DA:100,0
DA:103,0
DA:107,0
DA:108,0
DA:111,0
DA:120,0
DA:121,0
DA:122,0
DA:125,0
DA:126,0
DA:129,0
DA:130,0
DA:132,0
DA:133,0
DA:137,0
DA:138,0
DA:146,0
DA:147,0
DA:154,0
DA:160,0
DA:181,0
DA:184,0
DA:186,0
DA:223,0
LF:68
LH:0
BRDA:36,0,0,0
BRDA:36,0,1,0
BRDA:50,1,0,0
BRDA:50,1,1,0
BRDA:62,2,0,0
BRDA:62,2,1,0
BRDA:82,3,0,0
BRDA:82,3,1,0
BRDA:87,4,0,0
BRDA:87,4,1,0
BRDA:95,5,0,0
BRDA:95,5,1,0
BRDA:107,6,0,0
BRDA:107,6,1,0
BRDA:120,7,0,0
BRDA:120,7,1,0
BRDA:133,8,0,0
BRDA:133,8,1,0
BRDA:137,9,0,0
BRDA:137,9,1,0
BRDA:146,10,0,0
BRDA:146,10,1,0
BRDA:146,11,0,0
BRDA:146,11,1,0
BRDA:149,12,0,0
BRDA:149,12,1,0
BRDA:174,13,0,0
BRDA:174,13,1,0
BRDA:191,14,0,0
BRDA:191,14,1,0
BRF:30
BRH:0
end_of_record
TN:
SF:app/signIn.tsx
FN:7,SignInScreen
FN:22,(anonymous_1)
FN:23,(anonymous_2)
FN:33,(anonymous_3)
FN:34,(anonymous_4)
FNF:5
FNH:0
FNDA:0,SignInScreen
FNDA:0,(anonymous_1)
FNDA:0,(anonymous_2)
FNDA:0,(anonymous_3)
FNDA:0,(anonymous_4)
DA:8,0
DA:10,0
DA:11,0
DA:13,0
DA:22,0
DA:23,0
DA:33,0
DA:34,0
LF:8
LH:0
BRDA:25,0,0,0
BRDA:25,0,1,0
BRDA:36,1,0,0
BRDA:36,1,1,0
BRF:4
BRH:0
end_of_record
TN:
SF:app/test-redirect.tsx
FN:5,TestRedirect
FN:8,(anonymous_1)
FN:9,(anonymous_2)
FN:13,(anonymous_3)
FNF:4
FNH:0
FNDA:0,TestRedirect
FNDA:0,(anonymous_1)
FNDA:0,(anonymous_2)
FNDA:0,(anonymous_3)
DA:6,0
DA:8,0
DA:9,0
DA:10,0
DA:13,0
DA:16,0
LF:6
LH:0
BRF:0
BRH:0
end_of_record
TN:
SF:app/userProfile.tsx
FN:36,UserProfileScreen
FN:58,(anonymous_1)
FN:59,(anonymous_2)
FN:83,(anonymous_3)
FN:101,(anonymous_4)
FN:107,(anonymous_5)
FN:116,(anonymous_6)
FN:120,(anonymous_7)
FN:155,(anonymous_8)
FN:175,(anonymous_9)
FN:178,(anonymous_10)
FN:186,(anonymous_11)
FN:187,(anonymous_12)
FN:254,(anonymous_13)
FN:260,(anonymous_14)
FN:267,(anonymous_15)
FN:290,Stat
FN:299,Button
FN:307,formatNum
FNF:19
FNH:0
FNDA:0,UserProfileScreen
FNDA:0,(anonymous_1)
FNDA:0,(anonymous_2)
FNDA:0,(anonymous_3)
FNDA:0,(anonymous_4)
FNDA:0,(anonymous_5)
FNDA:0,(anonymous_6)
FNDA:0,(anonymous_7)
FNDA:0,(anonymous_8)
FNDA:0,(anonymous_9)
FNDA:0,(anonymous_10)
FNDA:0,(anonymous_11)
FNDA:0,(anonymous_12)
FNDA:0,(anonymous_13)
FNDA:0,(anonymous_14)
FNDA:0,(anonymous_15)
FNDA:0,Stat
FNDA:0,Button
FNDA:0,formatNum
DA:31,0
DA:32,0
DA:33,0
DA:34,0
DA:37,0
DA:38,0
DA:39,0
DA:40,0
DA:41,0
DA:44,0
DA:45,0
DA:46,0
DA:49,0
DA:50,0
DA:51,0
DA:54,0
DA:55,0
DA:58,0
DA:59,0
DA:60,0
DA:61,0
DA:62,0
DA:64,0
DA:65,0
DA:66,0
DA:68,0
DA:71,0
DA:72,0
DA:74,0
DA:78,0
DA:82,0
DA:84,0
DA:85,0
DA:86,0
DA:88,0
DA:89,0
DA:91,0
DA:92,0
DA:94,0
DA:101,0
DA:102,0
DA:103,0
DA:107,0
DA:108,0
DA:109,0
DA:110,0
DA:111,0
DA:115,0
DA:117,0
DA:120,0
DA:156,0
DA:157,0
DA:174,0
DA:176,0
DA:178,0
DA:186,0
DA:187,0
DA:191,0
DA:192,0
DA:200,0
DA:201,0
DA:208,0
DA:209,0
DA:216,0
DA:217,0
DA:226,0
DA:254,0
DA:260,0
DA:267,0
DA:291,0
DA:300,0
DA:308,0
DA:309,0
DA:310,0
DA:311,0
DA:314,0
LF:76
LH:0
BRDA:38,0,0,0
BRDA:38,0,1,0
BRDA:65,1,0,0
BRDA:65,1,1,0
BRDA:92,2,0,0
BRDA:92,2,1,0
BRDA:102,3,0,0
BRDA:102,3,1,0
BRDA:102,4,0,0
BRDA:102,4,1,0
BRDA:108,5,0,0
BRDA:108,5,1,0
BRDA:108,6,0,0
BRDA:108,6,1,0
BRDA:123,7,0,0
BRDA:123,7,1,0
BRDA:131,8,0,0
BRDA:131,8,1,0
BRDA:142,9,0,0
BRDA:142,9,1,0
BRDA:143,10,0,0
BRDA:143,10,1,0
BRDA:146,11,0,0
BRDA:146,11,1,0
BRDA:156,12,0,0
BRDA:156,12,1,0
BRDA:156,13,0,0
BRDA:156,13,1,0
BRDA:191,14,0,0
BRDA:191,14,1,0
BRDA:191,15,0,0
BRDA:191,15,1,0
BRDA:200,16,0,0
BRDA:200,16,1,0
BRDA:200,17,0,0
BRDA:200,17,1,0
BRDA:203,18,0,0
BRDA:203,18,1,0
BRDA:208,19,0,0
BRDA:208,19,1,0
BRDA:216,20,0,0
BRDA:216,20,1,0
BRDA:274,21,0,0
BRDA:274,21,1,0
BRDA:278,22,0,0
BRDA:278,22,1,0
BRDA:308,23,0,0
BRDA:308,23,1,0
BRDA:309,24,0,0
BRDA:309,24,1,0
BRDA:310,25,0,0
BRDA:310,25,1,0
BRDA:310,26,0,0
BRDA:310,26,1,0
BRF:54
BRH:0
end_of_record
TN:
SF:app/(tabs)/_layout.tsx
FN:9,TabLayout
FN:23,(anonymous_1)
FN:30,(anonymous_2)
FN:37,(anonymous_3)
FN:44,(anonymous_4)
FN:51,(anonymous_5)
FNF:6
FNH:0
FNDA:0,TabLayout
FNDA:0,(anonymous_1)
FNDA:0,(anonymous_2)
FNDA:0,(anonymous_3)
FNDA:0,(anonymous_4)
FNDA:0,(anonymous_5)
DA:10,0
DA:12,0
DA:23,0
DA:30,0
DA:37,0
DA:44,0
DA:51,0
LF:7
LH:0
BRDA:15,0,0,0
BRDA:15,0,1,0
BRF:2
BRH:0
end_of_record
TN:
SF:app/(tabs)/account.tsx
FN:39,ProfileScreen
FN:65,(anonymous_1)
FN:66,(anonymous_2)
FN:89,(anonymous_3)
FN:92,(anonymous_4)
FN:108,(anonymous_5)
FN:111,(anonymous_6)
FN:129,(anonymous_7)
FN:140,(anonymous_8)
FN:143,(anonymous_9)
FN:167,(anonymous_10)
FN:185,(anonymous_11)
FN:191,(anonymous_12)
FN:200,(anonymous_13)
FN:214,(anonymous_14)
FN:276,(anonymous_15)
FN:279,(anonymous_16)
FN:287,(anonymous_17)
FN:288,(anonymous_18)
FN:353,(anonymous_19)
FN:359,(anonymous_20)
FN:366,(anonymous_21)
FN:389,Stat
FN:398,Button
FN:406,formatNum
FNF:25
FNH:0
FNDA:0,ProfileScreen
FNDA:0,(anonymous_1)
FNDA:0,(anonymous_2)
FNDA:0,(anonymous_3)
FNDA:0,(anonymous_4)
FNDA:0,(anonymous_5)
FNDA:0,(anonymous_6)
FNDA:0,(anonymous_7)
FNDA:0,(anonymous_8)
FNDA:0,(anonymous_9)
FNDA:0,(anonymous_10)
FNDA:0,(anonymous_11)
FNDA:0,(anonymous_12)
FNDA:0,(anonymous_13)
FNDA:0,(anonymous_14)
FNDA:0,(anonymous_15)
FNDA:0,(anonymous_16)
FNDA:0,(anonymous_17)
FNDA:0,(anonymous_18)
FNDA:0,(anonymous_19)
FNDA:0,(anonymous_20)
FNDA:0,(anonymous_21)
FNDA:0,Stat
FNDA:0,Button
FNDA:0,formatNum
DA:34,0
DA:35,0
DA:36,0
DA:37,0
DA:41,0
DA:42,0
DA:43,0
DA:46,0
DA:47,0
DA:48,0
DA:51,0
DA:52,0
DA:53,0
DA:56,0
DA:57,0
DA:58,0
DA:61,0
DA:62,0
DA:65,0
DA:66,0
DA:67,0
DA:68,0
DA:69,0
DA:71,0
DA:72,0
DA:73,0
DA:75,0
DA:78,0
DA:79,0
DA:81,0
DA:85,0
DA:89,0
DA:90,0
DA:92,0
DA:93,0
DA:94,0
DA:95,0
DA:96,0
DA:98,0
DA:100,0
DA:104,0
DA:108,0
DA:109,0
DA:111,0
DA:112,0
DA:114,0
DA:123,0
DA:124,0
DA:125,0
DA:128,0
DA:129,0
DA:130,0
DA:132,0
DA:136,0
DA:140,0
DA:141,0
DA:143,0
DA:144,0
DA:145,0
DA:146,0
DA:148,0
DA:149,0
DA:150,0
DA:152,0
DA:155,0
DA:156,0
DA:158,0
DA:162,0
DA:166,0
DA:168,0
DA:169,0
DA:170,0
DA:172,0
DA:173,0
DA:175,0
DA:176,0
DA:178,0
DA:185,0
DA:186,0
DA:187,0
DA:191,0
DA:192,0
DA:193,0
DA:194,0
DA:195,0
DA:199,0
DA:201,0
DA:214,0
DA:275,0
DA:277,0
DA:279,0
DA:287,0
DA:288,0
DA:292,0
DA:293,0
DA:301,0
DA:302,0
DA:310,0
DA:311,0
DA:312,0
DA:315,0
DA:316,0
DA:325,0
DA:353,0
DA:359,0
DA:366,0
DA:390,0
DA:399,0
DA:407,0
DA:408,0
DA:409,0
DA:410,0
DA:413,0
LF:113
LH:0
BRDA:72,0,0,0
BRDA:72,0,1,0
BRDA:90,1,0,0
BRDA:90,1,1,0
BRDA:109,2,0,0
BRDA:109,2,1,0
BRDA:109,3,0,0
BRDA:109,3,1,0
BRDA:123,4,0,0
BRDA:123,4,1,0
BRDA:129,5,0,0
BRDA:129,5,1,0
BRDA:141,6,0,0
BRDA:141,6,1,0
BRDA:149,7,0,0
BRDA:149,7,1,0
BRDA:156,8,0,0
BRDA:156,8,1,0
BRDA:176,9,0,0
BRDA:176,9,1,0
BRDA:186,10,0,0
BRDA:186,10,1,0
BRDA:186,11,0,0
BRDA:186,11,1,0
BRDA:192,12,0,0
BRDA:192,12,1,0
BRDA:192,13,0,0
BRDA:192,13,1,0
BRDA:206,14,0,0
BRDA:206,14,1,0
BRDA:208,15,0,0
BRDA:208,15,1,0
BRDA:217,16,0,0
BRDA:217,16,1,0
BRDA:223,17,0,0
BRDA:223,17,1,0
BRDA:254,18,0,0
BRDA:254,18,1,0
BRDA:257,19,0,0
BRDA:257,19,1,0
BRDA:292,20,0,0
BRDA:292,20,1,0
BRDA:292,21,0,0
BRDA:292,21,1,0
BRDA:292,21,2,0
BRDA:292,21,3,0
BRDA:301,22,0,0
BRDA:301,22,1,0
BRDA:301,23,0,0
BRDA:301,23,1,0
BRDA:304,24,0,0
BRDA:304,24,1,0
BRDA:310,25,0,0
BRDA:310,25,1,0
BRDA:315,26,0,0
BRDA:315,26,1,0
BRDA:315,27,0,0
BRDA:315,27,1,0
BRDA:318,28,0,0
BRDA:318,28,1,0
BRDA:373,29,0,0
BRDA:373,29,1,0
BRDA:377,30,0,0
BRDA:377,30,1,0
BRDA:407,31,0,0
BRDA:407,31,1,0
BRDA:408,32,0,0
BRDA:408,32,1,0
BRDA:409,33,0,0
BRDA:409,33,1,0
BRDA:409,34,0,0
BRDA:409,34,1,0
BRF:72
BRH:0
end_of_record
TN:
SF:app/(tabs)/add.tsx
FN:22,(anonymous_0)
FN:27,AddScreen
FN:38,(anonymous_2)
FN:39,(anonymous_3)
FN:47,(anonymous_4)
FN:58,(anonymous_5)
FN:171,(anonymous_6)
FNF:7
FNH:0
FNDA:0,(anonymous_0)
FNDA:0,AddScreen
FNDA:0,(anonymous_2)
FNDA:0,(anonymous_3)
FNDA:0,(anonymous_4)
FNDA:0,(anonymous_5)
FNDA:0,(anonymous_6)
DA:20,0
DA:22,0
DA:23,0
DA:24,0
DA:28,0
DA:29,0
DA:31,0
DA:32,0
DA:33,0
DA:35,0
DA:36,0
DA:38,0
DA:39,0
DA:40,0
DA:41,0
DA:42,0
DA:44,0
DA:47,0
DA:48,0
DA:53,0
DA:54,0
DA:58,0
DA:59,0
DA:60,0
DA:61,0
DA:63,0
DA:64,0
DA:65,0
DA:66,0
DA:67,0
DA:70,0
DA:72,0
DA:73,0
DA:74,0
DA:76,0
DA:77,0
DA:79,0
DA:87,0
DA:88,0
DA:89,0
DA:92,0
DA:93,0
DA:94,0
DA:95,0
DA:98,0
DA:99,0
DA:101,0
DA:105,0
DA:106,0
DA:114,0
DA:115,0
DA:122,0
DA:171,0
DA:172,0
DA:173,0
DA:176,0
LF:56
LH:0
BRDA:53,0,0,0
BRDA:53,0,1,0
BRDA:64,1,0,0
BRDA:64,1,1,0
BRDA:65,2,0,0
BRDA:65,2,1,0
BRDA:87,3,0,0
BRDA:87,3,1,0
BRDA:105,4,0,0
BRDA:105,4,1,0
BRDA:114,5,0,0
BRDA:114,5,1,0
BRDA:130,6,0,0
BRDA:130,6,1,0
BRDA:158,7,0,0
BRDA:158,7,1,0
BRDA:162,8,0,0
BRDA:162,8,1,0
BRF:18
BRH:0
end_of_record
TN:
SF:app/(tabs)/clips.tsx
FN:6,ClipsScreen
FN:11,(anonymous_1)
FN:12,(anonymous_2)
FNF:3
FNH:0
FNDA:0,ClipsScreen
FNDA:0,(anonymous_1)
FNDA:0,(anonymous_2)
DA:7,0
DA:8,0
DA:9,0
DA:11,0
DA:12,0
DA:13,0
DA:14,0
DA:15,0
DA:16,0
DA:17,0
DA:18,0
DA:20,0
DA:23,0
DA:24,0
DA:26,0
DA:30,0
DA:33,0
DA:34,0
DA:42,0
DA:43,0
DA:51,0
LF:21
LH:0
BRDA:17,0,0,0
BRDA:17,0,1,0
BRDA:33,1,0,0
BRDA:33,1,1,0
BRDA:42,2,0,0
BRDA:42,2,1,0
BRDA:42,3,0,0
BRDA:42,3,1,0
BRDA:45,4,0,0
BRDA:45,4,1,0
BRF:10
BRH:0
end_of_record
TN:
SF:app/(tabs)/home.tsx
FN:15,HomeScreen
FN:20,(anonymous_1)
FN:21,(anonymous_2)
FN:38,(anonymous_3)
FN:43,(anonymous_4)
FN:92,(anonymous_5)
FNF:6
FNH:6
FNDA:11,HomeScreen
FNDA:6,(anonymous_1)
FNDA:6,(anonymous_2)
FNDA:2,(anonymous_3)
FNDA:3,(anonymous_4)
FNDA:3,(anonymous_5)
DA:16,11
DA:17,11
DA:18,11
DA:20,11
DA:21,6
DA:22,6
DA:23,6
DA:24,6
DA:27,6
DA:29,4
DA:30,1
DA:31,1
DA:32,1
DA:36,3
DA:37,3
DA:38,3
DA:39,2
DA:43,3
DA:48,3
DA:50,1
DA:51,1
DA:53,5
DA:57,6
DA:60,11
DA:93,3
DA:147,1
LF:26
LH:26
BRDA:29,0,0,1
BRDA:29,0,1,3
BRDA:45,1,0,3
BRDA:45,1,1,1
BRDA:51,2,0,1
BRDA:51,2,1,0
BRDA:68,3,0,11
BRDA:68,3,1,6
BRDA:76,4,0,11
BRDA:76,4,1,1
BRDA:76,4,2,1
BRDA:84,5,0,11
BRDA:84,5,1,5
BRDA:84,5,2,4
BRDA:84,5,3,1
BRDA:91,6,0,11
BRDA:91,6,1,5
BRDA:91,6,2,4
BRDA:98,7,0,3
BRDA:98,7,1,0
BRDA:103,8,0,3
BRDA:103,8,1,3
BRDA:128,9,0,3
BRDA:128,9,1,3
BRF:24
BRH:22
end_of_record
TN:
SF:app/(tabs)/search.tsx
FN:19,SearchScreen
FN:31,(anonymous_1)
FN:32,(anonymous_2)
FN:54,(anonymous_3)
FN:68,(anonymous_4)
FN:74,(anonymous_5)
FN:82,(anonymous_6)
FN:87,(anonymous_7)
FN:94,(anonymous_8)
FN:98,(anonymous_9)
FN:130,(anonymous_10)
FN:170,(anonymous_11)
FNF:12
FNH:9
FNDA:15,SearchScreen
FNDA:4,(anonymous_1)
FNDA:4,(anonymous_2)
FNDA:4,(anonymous_3)
FNDA:8,(anonymous_4)
FNDA:0,(anonymous_5)
FNDA:8,(anonymous_6)
FNDA:2,(anonymous_7)
FNDA:3,(anonymous_8)
FNDA:0,(anonymous_9)
FNDA:5,(anonymous_10)
FNDA:0,(anonymous_11)
DA:20,15
DA:21,15
DA:22,15
DA:23,15
DA:25,15
DA:26,15
DA:27,15
DA:28,15
DA:31,15
DA:32,4
DA:33,4
DA:34,4
DA:35,4
DA:36,4
DA:37,4
DA:38,0
DA:40,4
DA:43,0
DA:44,0
DA:46,4
DA:50,4
DA:54,15
DA:55,4
DA:56,4
DA:57,4
DA:58,4
DA:59,3
DA:61,0
DA:62,0
DA:64,3
DA:68,15
DA:69,8
DA:70,4
DA:74,15
DA:75,0
DA:76,0
DA:77,0
DA:78,0
DA:82,15
DA:83,8
DA:84,7
DA:86,1
DA:87,1
DA:88,2
DA:94,15
DA:95,3
DA:99,0
DA:130,15
DA:133,15
DA:134,4
DA:143,11
DA:144,0
DA:152,11
DA:170,0
DA:223,1
LF:55
LH:43
BRDA:37,0,0,0
BRDA:37,0,1,4
BRDA:62,1,0,0
BRDA:62,1,1,0
BRDA:69,2,0,4
BRDA:69,2,1,4
BRDA:75,3,0,0
BRDA:75,3,1,0
BRDA:83,4,0,7
BRDA:83,4,1,1
BRDA:88,5,0,2
BRDA:88,5,1,1
BRDA:104,6,0,0
BRDA:104,6,1,0
BRDA:105,7,0,0
BRDA:105,7,1,0
BRDA:117,8,0,3
BRDA:117,8,1,3
BRDA:120,9,0,3
BRDA:120,9,1,0
BRDA:133,10,0,4
BRDA:133,10,1,11
BRDA:143,11,0,0
BRDA:143,11,1,11
BRDA:143,12,0,11
BRDA:143,12,1,11
BRDA:146,13,0,0
BRDA:146,13,1,0
BRDA:169,14,0,11
BRDA:169,14,1,1
BRDA:176,15,0,3
BRDA:176,15,1,8
BRDA:176,16,0,11
BRDA:176,16,1,3
BRDA:181,17,0,0
BRDA:181,17,1,8
BRDA:199,18,0,1
BRDA:199,18,1,7
BRDA:201,19,0,8
BRDA:201,19,1,1
BRDA:209,20,0,2
BRDA:209,20,1,6
BRDA:212,21,0,1
BRDA:212,21,1,1
BRF:44
BRH:30
end_of_record
TN:
SF:components/ChatInterface.tsx
FN:23,ChatInterface
FN:35,(anonymous_1)
FN:36,(anonymous_2)
FN:47,(anonymous_3)
FN:52,(anonymous_4)
FN:56,(anonymous_5)
FN:63,(anonymous_6)
FN:66,(anonymous_7)
FN:70,(anonymous_8)
FN:77,(anonymous_9)
FN:126,(anonymous_10)
FN:138,(anonymous_11)
FNF:12
FNH:0
FNDA:0,ChatInterface
FNDA:0,(anonymous_1)
FNDA:0,(anonymous_2)
FNDA:0,(anonymous_3)
FNDA:0,(anonymous_4)
FNDA:0,(anonymous_5)
FNDA:0,(anonymous_6)
FNDA:0,(anonymous_7)
FNDA:0,(anonymous_8)
FNDA:0,(anonymous_9)
FNDA:0,(anonymous_10)
FNDA:0,(anonymous_11)
DA:29,0
DA:30,0
DA:31,0
DA:32,0
DA:35,0
DA:36,0
DA:37,0
DA:38,0
DA:39,0
DA:42,0
DA:46,0
DA:49,0
DA:53,0
DA:58,0
DA:59,0
DA:60,0
DA:63,0
DA:65,0
DA:66,0
DA:70,0
DA:71,0
DA:72,0
DA:73,0
DA:77,0
DA:78,0
DA:79,0
DA:108,0
DA:126,0
DA:138,0
DA:165,1
LF:30
LH:1
BRDA:26,0,0,0
BRDA:37,1,0,0
BRDA:37,1,1,0
BRDA:37,2,0,0
BRDA:37,2,1,0
BRDA:49,3,0,0
BRDA:49,3,1,0
BRDA:49,3,2,0
BRDA:49,3,3,0
BRDA:49,3,4,0
BRDA:53,4,0,0
BRDA:53,4,1,0
BRDA:53,4,2,0
BRDA:53,4,3,0
BRDA:58,5,0,0
BRDA:58,5,1,0
BRDA:59,6,0,0
BRDA:59,6,1,0
BRDA:65,7,0,0
BRDA:65,7,1,0
BRDA:71,8,0,0
BRDA:71,8,1,0
BRDA:71,9,0,0
BRDA:71,9,1,0
BRDA:83,10,0,0
BRDA:83,10,1,0
BRDA:89,11,0,0
BRDA:89,11,1,0
BRDA:92,12,0,0
BRDA:92,12,1,0
BRDA:95,13,0,0
BRDA:95,13,1,0
BRDA:96,14,0,0
BRDA:96,14,1,0
BRDA:111,15,0,0
BRDA:111,15,1,0
BRDA:116,16,0,0
BRDA:116,16,1,0
BRDA:118,17,0,0
BRDA:118,17,1,0
BRDA:131,18,0,0
BRDA:131,18,1,0
BRDA:154,19,0,0
BRDA:154,19,1,0
BRDA:154,19,2,0
BRDA:156,20,0,0
BRDA:156,20,1,0
BRF:47
BRH:0
end_of_record
TN:
SF:components/Footer.tsx
FN:5,Footer
FN:31,(anonymous_1)
FN:32,(anonymous_2)
FNF:3
FNH:0
FNDA:0,Footer
FNDA:0,(anonymous_1)
FNDA:0,(anonymous_2)
DA:6,0
DA:8,0
DA:31,0
DA:32,0
LF:4
LH:0
BRDA:33,0,0,0
BRDA:33,0,1,0
BRF:2
BRH:0
end_of_record
TN:
SF:components/Header.tsx
FN:5,Header
FN:38,(anonymous_1)
FN:39,(anonymous_2)
FN:49,(anonymous_3)
FN:50,(anonymous_4)
FNF:5
FNH:3
FNDA:13,Header
FNDA:0,(anonymous_1)
FNDA:13,(anonymous_2)
FNDA:0,(anonymous_3)
FNDA:13,(anonymous_4)
DA:6,13
DA:7,13
DA:9,13
DA:38,0
DA:39,13
DA:49,0
DA:50,13
LF:7
LH:5
BRDA:40,0,0,0
BRDA:40,0,1,13
BRDA:51,1,0,0
BRDA:51,1,1,13
BRF:4
BRH:2
end_of_record
TN:
SF:components/activityHeader.tsx
FN:7,ActivityHeader
FN:30,(anonymous_1)
FN:32,(anonymous_2)
FNF:3
FNH:2
FNDA:3,ActivityHeader
FNDA:0,(anonymous_1)
FNDA:3,(anonymous_2)
DA:8,3
DA:10,3
DA:30,0
DA:32,3
LF:4
LH:3
BRDA:38,0,0,0
BRDA:38,0,1,3
BRF:2
BRH:1
end_of_record
TN:
SF:components/external-link.tsx
FN:7,ExternalLink
FN:13,(anonymous_1)
FNF:2
FNH:0
FNDA:0,ExternalLink
FNDA:0,(anonymous_1)
DA:8,0
DA:14,0
DA:16,0
DA:18,0
LF:4
LH:0
BRDA:14,0,0,0
BRDA:14,0,1,0
BRF:2
BRH:0
end_of_record
TN:
SF:components/haptic-tab.tsx
FN:5,HapticTab
FN:9,(anonymous_1)
FNF:2
FNH:0
FNDA:0,HapticTab
FNDA:0,(anonymous_1)
DA:6,0
DA:10,0
DA:12,0
DA:14,0
LF:4
LH:0
BRDA:10,0,0,0
BRDA:10,0,1,0
BRF:2
BRH:0
end_of_record
TN:
SF:components/hello-wave.tsx
FN:3,HelloWave
FNF:1
FNH:0
FNDA:0,HelloWave
DA:4,0
LF:1
LH:0
BRF:0
BRH:0
end_of_record
TN:
SF:components/parallax-scroll-view.tsx
FN:21,ParallaxScrollView
FN:30,(anonymous_1)
FNF:2
FNH:0
FNDA:0,ParallaxScrollView
FNDA:0,(anonymous_1)
DA:14,0
DA:26,0
DA:27,0
DA:28,0
DA:29,0
DA:30,0
DA:31,0
DA:47,0
DA:65,0
LF:9
LH:0
BRDA:27,0,0,0
BRDA:27,0,1,0
BRF:2
BRH:0
end_of_record
TN:
SF:components/post-card.tsx
FN:26,PostCard
FN:46,(anonymous_1)
FN:49,(anonymous_2)
FN:53,(anonymous_3)
FN:65,(anonymous_4)
FN:72,(anonymous_5)
FN:72,(anonymous_6)
FN:80,(anonymous_7)
FN:85,(anonymous_8)
FN:144,(anonymous_9)
FN:144,(anonymous_10)
FN:155,(anonymous_11)
FN:191,timeAgo
FNF:13
FNH:2
FNDA:3,PostCard
FNDA:0,(anonymous_1)
FNDA:0,(anonymous_2)
FNDA:0,(anonymous_3)
FNDA:0,(anonymous_4)
FNDA:0,(anonymous_5)
FNDA:0,(anonymous_6)
FNDA:3,(anonymous_7)
FNDA:0,(anonymous_8)
FNDA:0,(anonymous_9)
FNDA:0,(anonymous_10)
FNDA:0,(anonymous_11)
FNDA:0,timeAgo
DA:37,3
DA:38,3
DA:39,3
DA:40,3
DA:41,3
DA:42,3
DA:44,3
DA:46,3
DA:47,0
DA:48,0
DA:49,0
DA:50,0
DA:53,3
DA:54,0
DA:55,0
DA:57,0
DA:59,0
DA:65,0
DA:66,0
DA:68,0
DA:69,0
DA:72,0
DA:73,0
DA:75,0
DA:79,3
DA:80,3
DA:81,3
DA:82,3
DA:85,3
DA:86,0
DA:106,3
DA:144,0
DA:155,0
DA:192,0
DA:193,0
DA:194,0
DA:203,0
DA:204,0
DA:205,0
DA:206,0
DA:207,0
DA:208,0
DA:209,0
DA:211,0
DA:216,1
LF:45
LH:16
BRDA:30,0,0,3
BRDA:31,1,0,3
BRDA:32,2,0,3
BRDA:44,3,0,0
BRDA:44,3,1,3
BRDA:49,4,0,0
BRDA:49,4,1,0
BRDA:55,5,0,0
BRDA:55,5,1,0
BRDA:55,6,0,0
BRDA:55,6,1,0
BRDA:81,7,0,0
BRDA:81,7,1,3
BRDA:88,8,0,0
BRDA:88,8,1,0
BRDA:91,9,0,0
BRDA:91,9,1,0
BRDA:99,10,0,0
BRDA:99,10,1,0
BRDA:108,11,0,3
BRDA:108,11,1,0
BRDA:114,12,0,0
BRDA:114,12,1,3
BRDA:117,13,0,3
BRDA:117,13,1,0
BRDA:124,14,0,0
BRDA:124,14,1,3
BRDA:152,15,0,3
BRDA:152,15,1,3
BRDA:179,16,0,3
BRDA:179,16,1,3
BRDA:180,17,0,3
BRDA:180,17,1,3
BRDA:180,17,2,3
BRDA:206,18,0,0
BRDA:206,18,1,0
BRF:36
BRH:16
end_of_record
TN:
SF:components/signInHeader.tsx
FN:7,ActivityHeader
FN:30,(anonymous_1)
FN:32,(anonymous_2)
FNF:3
FNH:0
FNDA:0,ActivityHeader
FNDA:0,(anonymous_1)
FNDA:0,(anonymous_2)
DA:8,0
DA:10,0
DA:30,0
DA:32,0
LF:4
LH:0
BRDA:38,0,0,0
BRDA:38,0,1,0
BRF:2
BRH:0
end_of_record
TN:
SF:components/themed-text.tsx
FN:11,ThemedText
FNF:1
FNH:1
FNDA:21,ThemedText
DA:18,21
DA:20,21
DA:36,1
LF:3
LH:3
BRDA:15,0,0,20
BRDA:24,1,0,20
BRDA:24,1,1,1
BRDA:25,2,0,0
BRDA:25,2,1,21
BRDA:26,3,0,0
BRDA:26,3,1,21
BRDA:27,4,0,1
BRDA:27,4,1,20
BRDA:28,5,0,0
BRDA:28,5,1,21
BRF:11
BRH:8
end_of_record
TN:
SF:components/themed-view.tsx
FN:10,ThemedView
FNF:1
FNH:0
FNDA:0,ThemedView
DA:11,0
DA:13,0
LF:2
LH:0
BRF:0
BRH:0
end_of_record
TN:
SF:components/ui/collapsible.tsx
FN:10,Collapsible
FN:18,(anonymous_1)
FN:18,(anonymous_2)
FNF:3
FNH:0
FNDA:0,Collapsible
FNDA:0,(anonymous_1)
FNDA:0,(anonymous_2)
DA:11,0
DA:12,0
DA:14,0
DA:18,0
DA:35,0
LF:5
LH:0
BRDA:12,0,0,0
BRDA:12,0,1,0
BRDA:24,1,0,0
BRDA:24,1,1,0
BRDA:25,2,0,0
BRDA:25,2,1,0
BRDA:30,3,0,0
BRDA:30,3,1,0
BRF:8
BRH:0
end_of_record
TN:
SF:components/ui/icon-symbol.ios.tsx
FN:4,IconSymbol
FNF:1
FNH:1
FNDA:29,IconSymbol
DA:17,29
LF:1
LH:1
BRDA:6,0,0,0
BRDA:9,1,0,29
BRF:2
BRH:1
end_of_record
TN:
SF:components/ui/icon-symbol.tsx
FN:63,IconSymbol
FNF:1
FNH:0
FNDA:0,IconSymbol
DA:16,0
DA:75,0
LF:2
LH:0
BRDA:65,0,0,0
BRF:1
BRH:0
end_of_record
TN:
SF:utils/api.ts
FN:79,apiFetch
FN:130,getCurrentUser
FN:152,getAllUsers
FN:157,(anonymous_3)
FN:174,updateUsername
FN:191,getAllPosts
FN:204,getPostsByUser
FN:217,getPostsByCat
FN:230,getPost
FN:243,createPost
FN:264,updatePost
FN:283,deletePost
FN:301,getChatHistory
FN:315,getUsersWithMessageHistory
FN:321,(anonymous_14)
FN:325,(anonymous_15)
FN:336,(anonymous_16)
FNF:17
FNH:6
FNDA:7,apiFetch
FNDA:2,getCurrentUser
FNDA:2,getAllUsers
FNDA:2,(anonymous_3)
FNDA:0,updateUsername
FNDA:2,getAllPosts
FNDA:1,getPostsByUser
FNDA:0,getPostsByCat
FNDA:0,getPost
FNDA:0,createPost
FNDA:0,updatePost
FNDA:0,deletePost
FNDA:0,getChatHistory
FNDA:0,getUsersWithMessageHistory
FNDA:0,(anonymous_14)
FNDA:0,(anonymous_15)
FNDA:0,(anonymous_16)
DA:3,4
DA:83,7
DA:85,7
DA:86,0
DA:87,0
DA:90,7
DA:99,4
DA:102,0
DA:103,0
DA:104,0
DA:109,0
DA:112,0
DA:113,0
DA:116,4
DA:118,0
DA:121,4
DA:131,2
DA:132,2
DA:134,1
DA:141,1
DA:143,1
DA:144,1
DA:153,2
DA:155,2
DA:157,2
DA:164,1
DA:166,1
DA:167,1
DA:175,0
DA:176,0
DA:181,0
DA:182,0
DA:192,2
DA:193,2
DA:194,1
DA:196,1
DA:197,1
DA:205,1
DA:206,1
DA:207,1
DA:209,0
DA:210,0
DA:218,0
DA:219,0
DA:220,0
DA:222,0
DA:223,0
DA:231,0
DA:232,0
DA:233,0
DA:235,0
DA:236,0
DA:249,0
DA:250,0
DA:254,0
DA:256,0
DA:257,0
DA:268,0
DA:269,0
DA:273,0
DA:275,0
DA:276,0
DA:284,0
DA:285,0
DA:288,0
DA:290,0
DA:291,0
DA:302,0
DA:303,0
DA:304,0
DA:306,0
DA:307,0
DA:316,0
DA:318,0
DA:321,0
DA:324,0
DA:326,0
DA:327,0
DA:328,0
DA:330,0
DA:336,0
DA:338,0
DA:339,0
LF:83
LH:27
BRDA:81,0,0,7
BRDA:85,1,0,0
BRDA:85,1,1,7
BRDA:95,2,0,7
BRDA:95,2,1,7
BRDA:99,3,0,0
BRDA:99,3,1,4
BRDA:105,4,0,0
BRDA:105,4,1,0
BRDA:105,4,2,0
BRDA:105,4,3,0
BRDA:105,4,4,0
BRDA:109,5,0,0
BRDA:109,5,1,0
BRDA:116,6,0,0
BRDA:116,6,1,4
BRDA:158,7,0,2
BRDA:158,7,1,0
BRDA:328,8,0,0
BRDA:328,8,1,0
BRF:20
BRH:7
end_of_record
TN:
SF:utils/auth.ts
FN:7,getJwt
FN:14,(anonymous_1)
FN:21,(anonymous_2)
FN:28,logout
FN:44,decodeJwtPayload
FN:51,(anonymous_5)
FN:61,getUserId
FNF:7
FNH:4
FNDA:5,getJwt
FNDA:0,(anonymous_1)
FNDA:0,(anonymous_2)
FNDA:0,logout
FNDA:2,decodeJwtPayload
FNDA:14,(anonymous_5)
FNDA:3,getUserId
DA:5,5
DA:8,5
DA:9,0
DA:11,5
DA:14,5
DA:15,0
DA:16,0
DA:17,0
DA:18,0
DA:21,5
DA:22,0
DA:23,0
DA:25,0
DA:30,0
DA:31,0
DA:33,0
DA:37,0
DA:38,0
DA:40,0
DA:45,2
DA:46,2
DA:47,2
DA:48,1
DA:49,0
DA:51,1
DA:52,14
DA:54,1
DA:56,1
DA:57,1
DA:62,3
DA:63,3
DA:65,2
DA:66,2
DA:68,1
LF:34
LH:19
BRDA:8,0,0,0
BRDA:8,0,1,5
BRDA:16,1,0,0
BRDA:16,1,1,0
BRDA:18,2,0,0
BRDA:18,2,1,0
BRDA:22,3,0,0
BRDA:22,3,1,0
BRDA:30,4,0,0
BRDA:30,4,1,0
BRDA:37,5,0,0
BRDA:37,5,1,0
BRDA:63,6,0,1
BRDA:63,6,1,2
BRDA:66,7,0,1
BRDA:66,7,1,1
BRDA:69,8,0,1
BRDA:69,8,1,1
BRDA:69,8,2,0
BRDA:69,8,3,0
BRF:20
BRH:7
end_of_record
