{"/home/gabe/csumb/438/Project3Frontend/app/_layout.tsx": {"path":"/home/gabe/csumb/438/Project3Frontend/app/_layout.tsx","statementMap":{"0":{"start":{"line":8,"column":33},"end":{"line":8,"column":53}},"1":{"start":{"line":11,"column":22},"end":{"line":11,"column":38}},"2":{"start":{"line":13,"column":2},"end":{"line":31,"column":4}}},"fnMap":{"0":{"name":"RootLayout","decl":{"start":{"line":10,"column":24},"end":{"line":10,"column":34}},"loc":{"start":{"line":10,"column":37},"end":{"line":32,"column":1}},"line":10}},"branchMap":{"0":{"loc":{"start":{"line":14,"column":26},"end":{"line":14,"column":75}},"type":"cond-expr","locations":[{"start":{"line":14,"column":51},"end":{"line":14,"column":60}},{"start":{"line":14,"column":63},"end":{"line":14,"column":75}}],"line":14}},"s":{"0":0,"1":0,"2":0},"f":{"0":0},"b":{"0":[0,0]}}
,"/home/gabe/csumb/438/Project3Frontend/app/activity.tsx": {"path":"/home/gabe/csumb/438/Project3Frontend/app/activity.tsx","statementMap":{"0":{"start":{"line":8,"column":2},"end":{"line":16,"column":4}}},"fnMap":{"0":{"name":"activityScreen","decl":{"start":{"line":7,"column":24},"end":{"line":7,"column":38}},"loc":{"start":{"line":7,"column":41},"end":{"line":17,"column":1}},"line":7}},"branchMap":{},"s":{"0":0},"f":{"0":0},"b":{}}
,"/home/gabe/csumb/438/Project3Frontend/app/index.tsx": {"path":"/home/gabe/csumb/438/Project3Frontend/app/index.tsx","statementMap":{"0":{"start":{"line":6,"column":17},"end":{"line":6,"column":28}},"1":{"start":{"line":8,"column":2},"end":{"line":14,"column":15}},"2":{"start":{"line":9,"column":18},"end":{"line":11,"column":9}},"3":{"start":{"line":10,"column":6},"end":{"line":10,"column":32}},"4":{"start":{"line":13,"column":4},"end":{"line":13,"column":37}},"5":{"start":{"line":13,"column":17},"end":{"line":13,"column":36}},"6":{"start":{"line":16,"column":2},"end":{"line":20,"column":4}}},"fnMap":{"0":{"name":"IndexScreen","decl":{"start":{"line":5,"column":24},"end":{"line":5,"column":35}},"loc":{"start":{"line":5,"column":38},"end":{"line":21,"column":1}},"line":5},"1":{"name":"(anonymous_1)","decl":{"start":{"line":8,"column":12},"end":{"line":8,"column":13}},"loc":{"start":{"line":8,"column":18},"end":{"line":14,"column":3}},"line":8},"2":{"name":"(anonymous_2)","decl":{"start":{"line":9,"column":29},"end":{"line":9,"column":30}},"loc":{"start":{"line":9,"column":35},"end":{"line":11,"column":5}},"line":9},"3":{"name":"(anonymous_3)","decl":{"start":{"line":13,"column":11},"end":{"line":13,"column":12}},"loc":{"start":{"line":13,"column":17},"end":{"line":13,"column":36}},"line":13}},"branchMap":{},"s":{"0":3,"1":3,"2":3,"3":1,"4":3,"5":3,"6":3},"f":{"0":3,"1":3,"2":1,"3":3},"b":{},"_coverageSchema":"1a1c01bbd47fc00a2c39e90264f33305004495a9","hash":"472701e91beee9c1448e528ea414cbbd500524e5"}
,"/home/gabe/csumb/438/Project3Frontend/app/loginSuccess.tsx": {"path":"/home/gabe/csumb/438/Project3Frontend/app/loginSuccess.tsx","statementMap":{"0":{"start":{"line":7,"column":20},"end":{"line":7,"column":73}},"1":{"start":{"line":8,"column":17},"end":{"line":8,"column":28}},"2":{"start":{"line":10,"column":2},"end":{"line":41,"column":22}},"3":{"start":{"line":11,"column":23},"end":{"line":38,"column":5}},"4":{"start":{"line":12,"column":6},"end":{"line":15,"column":7}},"5":{"start":{"line":13,"column":8},"end":{"line":13,"column":56}},"6":{"start":{"line":14,"column":8},"end":{"line":14,"column":15}},"7":{"start":{"line":17,"column":26},"end":{"line":17,"column":65}},"8":{"start":{"line":18,"column":6},"end":{"line":21,"column":7}},"9":{"start":{"line":19,"column":8},"end":{"line":19,"column":63}},"10":{"start":{"line":20,"column":8},"end":{"line":20,"column":15}},"11":{"start":{"line":23,"column":6},"end":{"line":37,"column":7}},"12":{"start":{"line":24,"column":8},"end":{"line":34,"column":9}},"13":{"start":{"line":26,"column":10},"end":{"line":29,"column":11}},"14":{"start":{"line":27,"column":12},"end":{"line":27,"column":60}},"15":{"start":{"line":28,"column":12},"end":{"line":28,"column":43}},"16":{"start":{"line":32,"column":10},"end":{"line":32,"column":61}},"17":{"start":{"line":33,"column":10},"end":{"line":33,"column":41}},"18":{"start":{"line":36,"column":8},"end":{"line":36,"column":50}},"19":{"start":{"line":40,"column":4},"end":{"line":40,"column":17}},"20":{"start":{"line":43,"column":2},"end":{"line":55,"column":4}}},"fnMap":{"0":{"name":"LoginSuccess","decl":{"start":{"line":6,"column":24},"end":{"line":6,"column":36}},"loc":{"start":{"line":6,"column":39},"end":{"line":56,"column":1}},"line":6},"1":{"name":"(anonymous_1)","decl":{"start":{"line":10,"column":12},"end":{"line":10,"column":13}},"loc":{"start":{"line":10,"column":18},"end":{"line":41,"column":3}},"line":10},"2":{"name":"(anonymous_2)","decl":{"start":{"line":11,"column":23},"end":{"line":11,"column":24}},"loc":{"start":{"line":11,"column":35},"end":{"line":38,"column":5}},"line":11}},"branchMap":{"0":{"loc":{"start":{"line":12,"column":6},"end":{"line":15,"column":7}},"type":"if","locations":[{"start":{"line":12,"column":6},"end":{"line":15,"column":7}},{"start":{},"end":{}}],"line":12},"1":{"loc":{"start":{"line":17,"column":26},"end":{"line":17,"column":65}},"type":"cond-expr","locations":[{"start":{"line":17,"column":49},"end":{"line":17,"column":57}},{"start":{"line":17,"column":60},"end":{"line":17,"column":65}}],"line":17},"2":{"loc":{"start":{"line":18,"column":6},"end":{"line":21,"column":7}},"type":"if","locations":[{"start":{"line":18,"column":6},"end":{"line":21,"column":7}},{"start":{},"end":{}}],"line":18},"3":{"loc":{"start":{"line":18,"column":10},"end":{"line":18,"column":57}},"type":"binary-expr","locations":[{"start":{"line":18,"column":10},"end":{"line":18,"column":22}},{"start":{"line":18,"column":26},"end":{"line":18,"column":57}}],"line":18},"4":{"loc":{"start":{"line":24,"column":8},"end":{"line":34,"column":9}},"type":"if","locations":[{"start":{"line":24,"column":8},"end":{"line":34,"column":9}},{"start":{"line":30,"column":15},"end":{"line":34,"column":9}}],"line":24},"5":{"loc":{"start":{"line":26,"column":10},"end":{"line":29,"column":11}},"type":"if","locations":[{"start":{"line":26,"column":10},"end":{"line":29,"column":11}},{"start":{},"end":{}}],"line":26}},"s":{"0":0,"1":0,"2":0,"3":0,"4":0,"5":0,"6":0,"7":0,"8":0,"9":0,"10":0,"11":0,"12":0,"13":0,"14":0,"15":0,"16":0,"17":0,"18":0,"19":0,"20":0},"f":{"0":0,"1":0,"2":0},"b":{"0":[0,0],"1":[0,0],"2":[0,0],"3":[0,0],"4":[0,0],"5":[0,0]}}
,"/home/gabe/csumb/438/Project3Frontend/app/messages.tsx": {"path":"/home/gabe/csumb/438/Project3Frontend/app/messages.tsx","statementMap":{"0":{"start":{"line":9,"column":15},"end":{"line":9,"column":69}},"1":{"start":{"line":12,"column":17},"end":{"line":12,"column":28}},"2":{"start":{"line":13,"column":17},"end":{"line":13,"column":39}},"3":{"start":{"line":14,"column":44},"end":{"line":14,"column":73}},"4":{"start":{"line":15,"column":28},"end":{"line":15,"column":48}},"5":{"start":{"line":16,"column":42},"end":{"line":16,"column":69}},"6":{"start":{"line":17,"column":32},"end":{"line":17,"column":46}},"7":{"start":{"line":19,"column":2},"end":{"line":21,"column":9}},"8":{"start":{"line":20,"column":4},"end":{"line":20,"column":15}},"9":{"start":{"line":24,"column":2},"end":{"line":33,"column":55}},"10":{"start":{"line":25,"column":4},"end":{"line":32,"column":5}},"11":{"start":{"line":26,"column":25},"end":{"line":30,"column":7}},"12":{"start":{"line":31,"column":6},"end":{"line":31,"column":28}},"13":{"start":{"line":35,"column":19},"end":{"line":50,"column":3}},"14":{"start":{"line":36,"column":4},"end":{"line":49,"column":5}},"15":{"start":{"line":37,"column":17},"end":{"line":37,"column":34}},"16":{"start":{"line":38,"column":6},"end":{"line":38,"column":27}},"17":{"start":{"line":40,"column":6},"end":{"line":44,"column":7}},"18":{"start":{"line":41,"column":33},"end":{"line":41,"column":69}},"19":{"start":{"line":42,"column":8},"end":{"line":42,"column":77}},"20":{"start":{"line":43,"column":8},"end":{"line":43,"column":35}},"21":{"start":{"line":46,"column":6},"end":{"line":46,"column":59}},"22":{"start":{"line":48,"column":6},"end":{"line":48,"column":24}},"23":{"start":{"line":52,"column":25},"end":{"line":67,"column":3}},"24":{"start":{"line":53,"column":4},"end":{"line":66,"column":23}},"25":{"start":{"line":55,"column":21},"end":{"line":55,"column":42}},"26":{"start":{"line":69,"column":2},"end":{"line":75,"column":3}},"27":{"start":{"line":70,"column":4},"end":{"line":74,"column":6}},"28":{"start":{"line":77,"column":2},"end":{"line":90,"column":3}},"29":{"start":{"line":78,"column":4},"end":{"line":89,"column":6}},"30":{"start":{"line":84,"column":71},"end":{"line":84,"column":93}},"31":{"start":{"line":92,"column":2},"end":{"line":113,"column":3}},"32":{"start":{"line":93,"column":4},"end":{"line":112,"column":6}},"33":{"start":{"line":100,"column":27},"end":{"line":100,"column":48}},"34":{"start":{"line":115,"column":2},"end":{"line":137,"column":4}},"35":{"start":{"line":123,"column":41},"end":{"line":123,"column":87}},"36":{"start":{"line":140,"column":15},"end":{"line":242,"column":2}}},"fnMap":{"0":{"name":"MessagesScreen","decl":{"start":{"line":11,"column":24},"end":{"line":11,"column":38}},"loc":{"start":{"line":11,"column":41},"end":{"line":138,"column":1}},"line":11},"1":{"name":"(anonymous_1)","decl":{"start":{"line":19,"column":12},"end":{"line":19,"column":13}},"loc":{"start":{"line":19,"column":18},"end":{"line":21,"column":3}},"line":19},"2":{"name":"(anonymous_2)","decl":{"start":{"line":24,"column":12},"end":{"line":24,"column":13}},"loc":{"start":{"line":24,"column":18},"end":{"line":33,"column":3}},"line":24},"3":{"name":"(anonymous_3)","decl":{"start":{"line":35,"column":19},"end":{"line":35,"column":20}},"loc":{"start":{"line":35,"column":31},"end":{"line":50,"column":3}},"line":35},"4":{"name":"(anonymous_4)","decl":{"start":{"line":52,"column":25},"end":{"line":52,"column":26}},"loc":{"start":{"line":53,"column":4},"end":{"line":66,"column":23}},"line":53},"5":{"name":"(anonymous_5)","decl":{"start":{"line":55,"column":15},"end":{"line":55,"column":16}},"loc":{"start":{"line":55,"column":21},"end":{"line":55,"column":42}},"line":55},"6":{"name":"(anonymous_6)","decl":{"start":{"line":84,"column":65},"end":{"line":84,"column":66}},"loc":{"start":{"line":84,"column":71},"end":{"line":84,"column":93}},"line":84},"7":{"name":"(anonymous_7)","decl":{"start":{"line":100,"column":21},"end":{"line":100,"column":22}},"loc":{"start":{"line":100,"column":27},"end":{"line":100,"column":48}},"line":100},"8":{"name":"(anonymous_8)","decl":{"start":{"line":123,"column":24},"end":{"line":123,"column":25}},"loc":{"start":{"line":123,"column":41},"end":{"line":123,"column":87}},"line":123}},"branchMap":{"0":{"loc":{"start":{"line":25,"column":4},"end":{"line":32,"column":5}},"type":"if","locations":[{"start":{"line":25,"column":4},"end":{"line":32,"column":5}},{"start":{},"end":{}}],"line":25},"1":{"loc":{"start":{"line":25,"column":8},"end":{"line":25,"column":56}},"type":"binary-expr","locations":[{"start":{"line":25,"column":8},"end":{"line":25,"column":29}},{"start":{"line":25,"column":33},"end":{"line":25,"column":56}}],"line":25},"2":{"loc":{"start":{"line":40,"column":6},"end":{"line":44,"column":7}},"type":"if","locations":[{"start":{"line":40,"column":6},"end":{"line":44,"column":7}},{"start":{},"end":{}}],"line":40},"3":{"loc":{"start":{"line":59,"column":12},"end":{"line":59,"column":32}},"type":"binary-expr","locations":[{"start":{"line":59,"column":12},"end":{"line":59,"column":25}},{"start":{"line":59,"column":29},"end":{"line":59,"column":32}}],"line":59},"4":{"loc":{"start":{"line":63,"column":39},"end":{"line":63,"column":73}},"type":"binary-expr","locations":[{"start":{"line":63,"column":39},"end":{"line":63,"column":52}},{"start":{"line":63,"column":56},"end":{"line":63,"column":73}}],"line":63},"5":{"loc":{"start":{"line":64,"column":9},"end":{"line":64,"column":73}},"type":"binary-expr","locations":[{"start":{"line":64,"column":9},"end":{"line":64,"column":19}},{"start":{"line":64,"column":23},"end":{"line":64,"column":73}}],"line":64},"6":{"loc":{"start":{"line":69,"column":2},"end":{"line":75,"column":3}},"type":"if","locations":[{"start":{"line":69,"column":2},"end":{"line":75,"column":3}},{"start":{},"end":{}}],"line":69},"7":{"loc":{"start":{"line":77,"column":2},"end":{"line":90,"column":3}},"type":"if","locations":[{"start":{"line":77,"column":2},"end":{"line":90,"column":3}},{"start":{},"end":{}}],"line":77},"8":{"loc":{"start":{"line":92,"column":2},"end":{"line":113,"column":3}},"type":"if","locations":[{"start":{"line":92,"column":2},"end":{"line":113,"column":3}},{"start":{},"end":{}}],"line":92},"9":{"loc":{"start":{"line":123,"column":41},"end":{"line":123,"column":87}},"type":"cond-expr","locations":[{"start":{"line":123,"column":51},"end":{"line":123,"column":69}},{"start":{"line":123,"column":72},"end":{"line":123,"column":87}}],"line":123}},"s":{"0":1,"1":8,"2":8,"3":8,"4":8,"5":8,"6":8,"7":8,"8":4,"9":8,"10":4,"11":0,"12":0,"13":8,"14":4,"15":4,"16":4,"17":4,"18":4,"19":3,"20":3,"21":0,"22":3,"23":8,"24":1,"25":0,"26":8,"27":5,"28":3,"29":0,"30":0,"31":3,"32":0,"33":0,"34":3,"35":2,"36":1},"f":{"0":8,"1":4,"2":4,"3":4,"4":1,"5":0,"6":0,"7":0,"8":2},"b":{"0":[0,4],"1":[4,0],"2":[4,0],"3":[1,0],"4":[1,0],"5":[1,1],"6":[5,3],"7":[0,3],"8":[0,3],"9":[2,0]},"_coverageSchema":"1a1c01bbd47fc00a2c39e90264f33305004495a9","hash":"bd7bb0114fe667850f97a5df2d557413fe6238d4"}
,"/home/gabe/csumb/438/Project3Frontend/app/modal.tsx": {"path":"/home/gabe/csumb/438/Project3Frontend/app/modal.tsx","statementMap":{"0":{"start":{"line":8,"column":2},"end":{"line":15,"column":4}},"1":{"start":{"line":18,"column":15},"end":{"line":28,"column":2}}},"fnMap":{"0":{"name":"ModalScreen","decl":{"start":{"line":7,"column":24},"end":{"line":7,"column":35}},"loc":{"start":{"line":7,"column":38},"end":{"line":16,"column":1}},"line":7}},"branchMap":{},"s":{"0":0,"1":0},"f":{"0":0},"b":{}}
,"/home/gabe/csumb/438/Project3Frontend/app/selectCat.tsx": {"path":"/home/gabe/csumb/438/Project3Frontend/app/selectCat.tsx","statementMap":{"0":{"start":{"line":20,"column":17},"end":{"line":20,"column":68}},"1":{"start":{"line":23,"column":28},"end":{"line":23,"column":57}},"2":{"start":{"line":24,"column":26},"end":{"line":24,"column":45}},"3":{"start":{"line":25,"column":32},"end":{"line":25,"column":46}},"4":{"start":{"line":26,"column":28},"end":{"line":26,"column":57}},"5":{"start":{"line":28,"column":32},"end":{"line":28,"column":44}},"6":{"start":{"line":29,"column":30},"end":{"line":29,"column":42}},"7":{"start":{"line":32,"column":2},"end":{"line":69,"column":9}},"8":{"start":{"line":33,"column":17},"end":{"line":66,"column":5}},"9":{"start":{"line":34,"column":6},"end":{"line":65,"column":7}},"10":{"start":{"line":35,"column":18},"end":{"line":35,"column":32}},"11":{"start":{"line":36,"column":8},"end":{"line":40,"column":9}},"12":{"start":{"line":37,"column":10},"end":{"line":37,"column":46}},"13":{"start":{"line":38,"column":10},"end":{"line":38,"column":28}},"14":{"start":{"line":39,"column":10},"end":{"line":39,"column":17}},"15":{"start":{"line":41,"column":8},"end":{"line":41,"column":20}},"16":{"start":{"line":43,"column":20},"end":{"line":48,"column":10}},"17":{"start":{"line":50,"column":8},"end":{"line":53,"column":9}},"18":{"start":{"line":51,"column":23},"end":{"line":51,"column":39}},"19":{"start":{"line":52,"column":10},"end":{"line":52,"column":58}},"20":{"start":{"line":55,"column":28},"end":{"line":55,"column":44}},"21":{"start":{"line":56,"column":8},"end":{"line":56,"column":22}},"22":{"start":{"line":59,"column":8},"end":{"line":59,"column":33}},"23":{"start":{"line":61,"column":8},"end":{"line":61,"column":51}},"24":{"start":{"line":62,"column":8},"end":{"line":62,"column":56}},"25":{"start":{"line":64,"column":8},"end":{"line":64,"column":26}},"26":{"start":{"line":68,"column":4},"end":{"line":68,"column":11}},"27":{"start":{"line":71,"column":26},"end":{"line":79,"column":3}},"28":{"start":{"line":72,"column":4},"end":{"line":78,"column":5}},"29":{"start":{"line":73,"column":6},"end":{"line":73,"column":36}},"30":{"start":{"line":74,"column":6},"end":{"line":74,"column":40}},"31":{"start":{"line":76,"column":6},"end":{"line":76,"column":56}},"32":{"start":{"line":77,"column":6},"end":{"line":77,"column":75}},"33":{"start":{"line":81,"column":26},"end":{"line":135,"column":3}},"34":{"start":{"line":82,"column":4},"end":{"line":82,"column":23}},"35":{"start":{"line":82,"column":16},"end":{"line":82,"column":23}},"36":{"start":{"line":84,"column":24},"end":{"line":84,"column":38}},"37":{"start":{"line":85,"column":23},"end":{"line":85,"column":36}},"38":{"start":{"line":87,"column":4},"end":{"line":90,"column":5}},"39":{"start":{"line":88,"column":6},"end":{"line":88,"column":67}},"40":{"start":{"line":89,"column":6},"end":{"line":89,"column":13}},"41":{"start":{"line":92,"column":4},"end":{"line":134,"column":5}},"42":{"start":{"line":94,"column":19},"end":{"line":94,"column":41}},"43":{"start":{"line":95,"column":6},"end":{"line":101,"column":7}},"44":{"start":{"line":96,"column":8},"end":{"line":99,"column":10}},"45":{"start":{"line":100,"column":8},"end":{"line":100,"column":15}},"46":{"start":{"line":103,"column":27},"end":{"line":106,"column":7}},"47":{"start":{"line":107,"column":6},"end":{"line":109,"column":7}},"48":{"start":{"line":108,"column":8},"end":{"line":108,"column":33}},"49":{"start":{"line":111,"column":18},"end":{"line":118,"column":8}},"50":{"start":{"line":120,"column":6},"end":{"line":123,"column":7}},"51":{"start":{"line":121,"column":21},"end":{"line":121,"column":37}},"52":{"start":{"line":122,"column":8},"end":{"line":122,"column":56}},"53":{"start":{"line":125,"column":27},"end":{"line":125,"column":43}},"54":{"start":{"line":126,"column":6},"end":{"line":126,"column":44}},"55":{"start":{"line":126,"column":24},"end":{"line":126,"column":42}},"56":{"start":{"line":129,"column":6},"end":{"line":129,"column":41}},"57":{"start":{"line":130,"column":6},"end":{"line":130,"column":40}},"58":{"start":{"line":132,"column":6},"end":{"line":132,"column":50}},"59":{"start":{"line":133,"column":6},"end":{"line":133,"column":67}},"60":{"start":{"line":137,"column":2},"end":{"line":144,"column":3}},"61":{"start":{"line":138,"column":4},"end":{"line":143,"column":6}},"62":{"start":{"line":146,"column":2},"end":{"line":152,"column":3}},"63":{"start":{"line":147,"column":4},"end":{"line":151,"column":6}},"64":{"start":{"line":154,"column":2},"end":{"line":220,"column":4}},"65":{"start":{"line":160,"column":25},"end":{"line":160,"column":58}},"66":{"start":{"line":181,"column":35},"end":{"line":181,"column":49}},"67":{"start":{"line":184,"column":14},"end":{"line":193,"column":33}},"68":{"start":{"line":186,"column":31},"end":{"line":186,"column":55}},"69":{"start":{"line":223,"column":15},"end":{"line":308,"column":2}}},"fnMap":{"0":{"name":"SelectCatScreen","decl":{"start":{"line":22,"column":24},"end":{"line":22,"column":39}},"loc":{"start":{"line":22,"column":42},"end":{"line":221,"column":1}},"line":22},"1":{"name":"(anonymous_1)","decl":{"start":{"line":32,"column":12},"end":{"line":32,"column":13}},"loc":{"start":{"line":32,"column":18},"end":{"line":69,"column":3}},"line":32},"2":{"name":"(anonymous_2)","decl":{"start":{"line":33,"column":17},"end":{"line":33,"column":18}},"loc":{"start":{"line":33,"column":29},"end":{"line":66,"column":5}},"line":33},"3":{"name":"(anonymous_3)","decl":{"start":{"line":71,"column":26},"end":{"line":71,"column":27}},"loc":{"start":{"line":71,"column":51},"end":{"line":79,"column":3}},"line":71},"4":{"name":"(anonymous_4)","decl":{"start":{"line":81,"column":26},"end":{"line":81,"column":27}},"loc":{"start":{"line":81,"column":38},"end":{"line":135,"column":3}},"line":81},"5":{"name":"(anonymous_5)","decl":{"start":{"line":126,"column":14},"end":{"line":126,"column":15}},"loc":{"start":{"line":126,"column":24},"end":{"line":126,"column":42}},"line":126},"6":{"name":"(anonymous_6)","decl":{"start":{"line":160,"column":19},"end":{"line":160,"column":20}},"loc":{"start":{"line":160,"column":25},"end":{"line":160,"column":58}},"line":160},"7":{"name":"(anonymous_7)","decl":{"start":{"line":181,"column":26},"end":{"line":181,"column":27}},"loc":{"start":{"line":181,"column":35},"end":{"line":181,"column":49}},"line":181},"8":{"name":"(anonymous_8)","decl":{"start":{"line":183,"column":24},"end":{"line":183,"column":25}},"loc":{"start":{"line":184,"column":14},"end":{"line":193,"column":33}},"line":184},"9":{"name":"(anonymous_9)","decl":{"start":{"line":186,"column":25},"end":{"line":186,"column":26}},"loc":{"start":{"line":186,"column":31},"end":{"line":186,"column":55}},"line":186}},"branchMap":{"0":{"loc":{"start":{"line":36,"column":8},"end":{"line":40,"column":9}},"type":"if","locations":[{"start":{"line":36,"column":8},"end":{"line":40,"column":9}},{"start":{},"end":{}}],"line":36},"1":{"loc":{"start":{"line":50,"column":8},"end":{"line":53,"column":9}},"type":"if","locations":[{"start":{"line":50,"column":8},"end":{"line":53,"column":9}},{"start":{},"end":{}}],"line":50},"2":{"loc":{"start":{"line":62,"column":17},"end":{"line":62,"column":54}},"type":"binary-expr","locations":[{"start":{"line":62,"column":17},"end":{"line":62,"column":28}},{"start":{"line":62,"column":32},"end":{"line":62,"column":54}}],"line":62},"3":{"loc":{"start":{"line":82,"column":4},"end":{"line":82,"column":23}},"type":"if","locations":[{"start":{"line":82,"column":4},"end":{"line":82,"column":23}},{"start":{},"end":{}}],"line":82},"4":{"loc":{"start":{"line":87,"column":4},"end":{"line":90,"column":5}},"type":"if","locations":[{"start":{"line":87,"column":4},"end":{"line":90,"column":5}},{"start":{},"end":{}}],"line":87},"5":{"loc":{"start":{"line":95,"column":6},"end":{"line":101,"column":7}},"type":"if","locations":[{"start":{"line":95,"column":6},"end":{"line":101,"column":7}},{"start":{},"end":{}}],"line":95},"6":{"loc":{"start":{"line":107,"column":6},"end":{"line":109,"column":7}},"type":"if","locations":[{"start":{"line":107,"column":6},"end":{"line":109,"column":7}},{"start":{},"end":{}}],"line":107},"7":{"loc":{"start":{"line":120,"column":6},"end":{"line":123,"column":7}},"type":"if","locations":[{"start":{"line":120,"column":6},"end":{"line":123,"column":7}},{"start":{},"end":{}}],"line":120},"8":{"loc":{"start":{"line":133,"column":27},"end":{"line":133,"column":65}},"type":"binary-expr","locations":[{"start":{"line":133,"column":27},"end":{"line":133,"column":38}},{"start":{"line":133,"column":42},"end":{"line":133,"column":65}}],"line":133},"9":{"loc":{"start":{"line":137,"column":2},"end":{"line":144,"column":3}},"type":"if","locations":[{"start":{"line":137,"column":2},"end":{"line":144,"column":3}},{"start":{},"end":{}}],"line":137},"10":{"loc":{"start":{"line":146,"column":2},"end":{"line":152,"column":3}},"type":"if","locations":[{"start":{"line":146,"column":2},"end":{"line":152,"column":3}},{"start":{},"end":{}}],"line":146},"11":{"loc":{"start":{"line":146,"column":6},"end":{"line":146,"column":21}},"type":"binary-expr","locations":[{"start":{"line":146,"column":6},"end":{"line":146,"column":11}},{"start":{"line":146,"column":15},"end":{"line":146,"column":21}}],"line":146},"12":{"loc":{"start":{"line":149,"column":15},"end":{"line":149,"column":49}},"type":"binary-expr","locations":[{"start":{"line":149,"column":15},"end":{"line":149,"column":20}},{"start":{"line":149,"column":24},"end":{"line":149,"column":49}}],"line":149},"13":{"loc":{"start":{"line":174,"column":7},"end":{"line":197,"column":7}},"type":"cond-expr","locations":[{"start":{"line":175,"column":8},"end":{"line":175,"column":84}},{"start":{"line":177,"column":8},"end":{"line":196,"column":11}}],"line":174},"14":{"loc":{"start":{"line":191,"column":19},"end":{"line":191,"column":78}},"type":"binary-expr","locations":[{"start":{"line":191,"column":19},"end":{"line":191,"column":29}},{"start":{"line":191,"column":33},"end":{"line":191,"column":78}}],"line":191}},"s":{"0":0,"1":0,"2":0,"3":0,"4":0,"5":0,"6":0,"7":0,"8":0,"9":0,"10":0,"11":0,"12":0,"13":0,"14":0,"15":0,"16":0,"17":0,"18":0,"19":0,"20":0,"21":0,"22":0,"23":0,"24":0,"25":0,"26":0,"27":0,"28":0,"29":0,"30":0,"31":0,"32":0,"33":0,"34":0,"35":0,"36":0,"37":0,"38":0,"39":0,"40":0,"41":0,"42":0,"43":0,"44":0,"45":0,"46":0,"47":0,"48":0,"49":0,"50":0,"51":0,"52":0,"53":0,"54":0,"55":0,"56":0,"57":0,"58":0,"59":0,"60":0,"61":0,"62":0,"63":0,"64":0,"65":0,"66":0,"67":0,"68":0,"69":0},"f":{"0":0,"1":0,"2":0,"3":0,"4":0,"5":0,"6":0,"7":0,"8":0,"9":0},"b":{"0":[0,0],"1":[0,0],"2":[0,0],"3":[0,0],"4":[0,0],"5":[0,0],"6":[0,0],"7":[0,0],"8":[0,0],"9":[0,0],"10":[0,0],"11":[0,0],"12":[0,0],"13":[0,0],"14":[0,0]}}
,"/home/gabe/csumb/438/Project3Frontend/app/signIn.tsx": {"path":"/home/gabe/csumb/438/Project3Frontend/app/signIn.tsx","statementMap":{"0":{"start":{"line":8,"column":17},"end":{"line":8,"column":28}},"1":{"start":{"line":10,"column":24},"end":{"line":10,"column":103}},"2":{"start":{"line":11,"column":24},"end":{"line":11,"column":103}},"3":{"start":{"line":13,"column":2},"end":{"line":49,"column":4}},"4":{"start":{"line":22,"column":25},"end":{"line":22,"column":55}},"5":{"start":{"line":23,"column":34},"end":{"line":26,"column":11}},"6":{"start":{"line":33,"column":25},"end":{"line":33,"column":55}},"7":{"start":{"line":34,"column":34},"end":{"line":37,"column":11}}},"fnMap":{"0":{"name":"SignInScreen","decl":{"start":{"line":7,"column":24},"end":{"line":7,"column":36}},"loc":{"start":{"line":7,"column":39},"end":{"line":50,"column":1}},"line":7},"1":{"name":"(anonymous_1)","decl":{"start":{"line":22,"column":19},"end":{"line":22,"column":20}},"loc":{"start":{"line":22,"column":25},"end":{"line":22,"column":55}},"line":22},"2":{"name":"(anonymous_2)","decl":{"start":{"line":23,"column":17},"end":{"line":23,"column":18}},"loc":{"start":{"line":23,"column":34},"end":{"line":26,"column":11}},"line":23},"3":{"name":"(anonymous_3)","decl":{"start":{"line":33,"column":19},"end":{"line":33,"column":20}},"loc":{"start":{"line":33,"column":25},"end":{"line":33,"column":55}},"line":33},"4":{"name":"(anonymous_4)","decl":{"start":{"line":34,"column":17},"end":{"line":34,"column":18}},"loc":{"start":{"line":34,"column":34},"end":{"line":37,"column":11}},"line":34}},"branchMap":{"0":{"loc":{"start":{"line":25,"column":23},"end":{"line":25,"column":40}},"type":"cond-expr","locations":[{"start":{"line":25,"column":33},"end":{"line":25,"column":36}},{"start":{"line":25,"column":39},"end":{"line":25,"column":40}}],"line":25},"1":{"loc":{"start":{"line":36,"column":23},"end":{"line":36,"column":40}},"type":"cond-expr","locations":[{"start":{"line":36,"column":33},"end":{"line":36,"column":36}},{"start":{"line":36,"column":39},"end":{"line":36,"column":40}}],"line":36}},"s":{"0":0,"1":0,"2":0,"3":0,"4":0,"5":0,"6":0,"7":0},"f":{"0":0,"1":0,"2":0,"3":0,"4":0},"b":{"0":[0,0],"1":[0,0]}}
,"/home/gabe/csumb/438/Project3Frontend/app/test-redirect.tsx": {"path":"/home/gabe/csumb/438/Project3Frontend/app/test-redirect.tsx","statementMap":{"0":{"start":{"line":6,"column":17},"end":{"line":6,"column":28}},"1":{"start":{"line":8,"column":2},"end":{"line":14,"column":9}},"2":{"start":{"line":9,"column":18},"end":{"line":11,"column":12}},"3":{"start":{"line":10,"column":6},"end":{"line":10,"column":280}},"4":{"start":{"line":13,"column":4},"end":{"line":13,"column":37}},"5":{"start":{"line":13,"column":17},"end":{"line":13,"column":36}},"6":{"start":{"line":16,"column":2},"end":{"line":21,"column":4}}},"fnMap":{"0":{"name":"TestRedirect","decl":{"start":{"line":5,"column":24},"end":{"line":5,"column":36}},"loc":{"start":{"line":5,"column":39},"end":{"line":22,"column":1}},"line":5},"1":{"name":"(anonymous_1)","decl":{"start":{"line":8,"column":12},"end":{"line":8,"column":13}},"loc":{"start":{"line":8,"column":18},"end":{"line":14,"column":3}},"line":8},"2":{"name":"(anonymous_2)","decl":{"start":{"line":9,"column":29},"end":{"line":9,"column":30}},"loc":{"start":{"line":9,"column":35},"end":{"line":11,"column":5}},"line":9},"3":{"name":"(anonymous_3)","decl":{"start":{"line":13,"column":11},"end":{"line":13,"column":12}},"loc":{"start":{"line":13,"column":17},"end":{"line":13,"column":36}},"line":13}},"branchMap":{},"s":{"0":0,"1":0,"2":0,"3":0,"4":0,"5":0,"6":0},"f":{"0":0,"1":0,"2":0,"3":0},"b":{}}
,"/home/gabe/csumb/438/Project3Frontend/app/userProfile.tsx": {"path":"/home/gabe/csumb/438/Project3Frontend/app/userProfile.tsx","statementMap":{"0":{"start":{"line":31,"column":13},"end":{"line":31,"column":14}},"1":{"start":{"line":32,"column":12},"end":{"line":32,"column":13}},"2":{"start":{"line":33,"column":17},"end":{"line":33,"column":47}},"3":{"start":{"line":34,"column":17},"end":{"line":34,"column":65}},"4":{"start":{"line":37,"column":19},"end":{"line":37,"column":41}},"5":{"start":{"line":38,"column":19},"end":{"line":38,"column":63}},"6":{"start":{"line":39,"column":21},"end":{"line":39,"column":58}},"7":{"start":{"line":40,"column":18},"end":{"line":40,"column":52}},"8":{"start":{"line":41,"column":21},"end":{"line":41,"column":58}},"9":{"start":{"line":44,"column":30},"end":{"line":44,"column":59}},"10":{"start":{"line":45,"column":42},"end":{"line":45,"column":56}},"11":{"start":{"line":46,"column":38},"end":{"line":46,"column":67}},"12":{"start":{"line":49,"column":30},"end":{"line":49,"column":53}},"13":{"start":{"line":50,"column":44},"end":{"line":50,"column":58}},"14":{"start":{"line":51,"column":40},"end":{"line":51,"column":69}},"15":{"start":{"line":54,"column":40},"end":{"line":54,"column":55}},"16":{"start":{"line":55,"column":44},"end":{"line":55,"column":74}},"17":{"start":{"line":58,"column":4},"end":{"line":79,"column":11}},"18":{"start":{"line":59,"column":26},"end":{"line":76,"column":9}},"19":{"start":{"line":60,"column":12},"end":{"line":75,"column":13}},"20":{"start":{"line":61,"column":16},"end":{"line":61,"column":37}},"21":{"start":{"line":62,"column":16},"end":{"line":62,"column":35}},"22":{"start":{"line":64,"column":26},"end":{"line":64,"column":40}},"23":{"start":{"line":65,"column":16},"end":{"line":69,"column":17}},"24":{"start":{"line":66,"column":20},"end":{"line":66,"column":60}},"25":{"start":{"line":68,"column":20},"end":{"line":68,"column":32}},"26":{"start":{"line":71,"column":16},"end":{"line":71,"column":65}},"27":{"start":{"line":72,"column":16},"end":{"line":72,"column":59}},"28":{"start":{"line":74,"column":16},"end":{"line":74,"column":38}},"29":{"start":{"line":78,"column":8},"end":{"line":78,"column":20}},"30":{"start":{"line":82,"column":22},"end":{"line":98,"column":5}},"31":{"start":{"line":84,"column":12},"end":{"line":95,"column":13}},"32":{"start":{"line":85,"column":16},"end":{"line":85,"column":38}},"33":{"start":{"line":86,"column":16},"end":{"line":86,"column":36}},"34":{"start":{"line":88,"column":34},"end":{"line":88,"column":59}},"35":{"start":{"line":89,"column":16},"end":{"line":89,"column":36}},"36":{"start":{"line":91,"column":16},"end":{"line":91,"column":60}},"37":{"start":{"line":92,"column":16},"end":{"line":92,"column":70}},"38":{"start":{"line":94,"column":16},"end":{"line":94,"column":39}},"39":{"start":{"line":101,"column":4},"end":{"line":104,"column":35}},"40":{"start":{"line":102,"column":8},"end":{"line":102,"column":45}},"41":{"start":{"line":102,"column":38},"end":{"line":102,"column":45}},"42":{"start":{"line":103,"column":8},"end":{"line":103,"column":26}},"43":{"start":{"line":107,"column":22},"end":{"line":112,"column":34}},"44":{"start":{"line":108,"column":8},"end":{"line":108,"column":45}},"45":{"start":{"line":108,"column":38},"end":{"line":108,"column":45}},"46":{"start":{"line":109,"column":8},"end":{"line":109,"column":28}},"47":{"start":{"line":110,"column":8},"end":{"line":110,"column":32}},"48":{"start":{"line":111,"column":8},"end":{"line":111,"column":29}},"49":{"start":{"line":115,"column":25},"end":{"line":171,"column":5}},"50":{"start":{"line":117,"column":12},"end":{"line":168,"column":19}},"51":{"start":{"line":120,"column":53},"end":{"line":120,"column":66}},"52":{"start":{"line":156,"column":28},"end":{"line":164,"column":29}},"53":{"start":{"line":157,"column":32},"end":{"line":163,"column":35}},"54":{"start":{"line":174,"column":48},"end":{"line":184,"column":5}},"55":{"start":{"line":176,"column":12},"end":{"line":181,"column":31}},"56":{"start":{"line":178,"column":31},"end":{"line":178,"column":52}},"57":{"start":{"line":186,"column":25},"end":{"line":186,"column":70}},"58":{"start":{"line":186,"column":53},"end":{"line":186,"column":65}},"59":{"start":{"line":187,"column":31},"end":{"line":187,"column":64}},"60":{"start":{"line":187,"column":46},"end":{"line":187,"column":58}},"61":{"start":{"line":191,"column":4},"end":{"line":198,"column":5}},"62":{"start":{"line":192,"column":8},"end":{"line":197,"column":10}},"63":{"start":{"line":200,"column":4},"end":{"line":206,"column":5}},"64":{"start":{"line":201,"column":8},"end":{"line":205,"column":10}},"65":{"start":{"line":208,"column":4},"end":{"line":214,"column":5}},"66":{"start":{"line":209,"column":8},"end":{"line":213,"column":10}},"67":{"start":{"line":216,"column":4},"end":{"line":222,"column":5}},"68":{"start":{"line":217,"column":8},"end":{"line":221,"column":10}},"69":{"start":{"line":226,"column":4},"end":{"line":285,"column":6}},"70":{"start":{"line":254,"column":38},"end":{"line":254,"column":59}},"71":{"start":{"line":260,"column":35},"end":{"line":260,"column":56}},"72":{"start":{"line":267,"column":43},"end":{"line":267,"column":64}},"73":{"start":{"line":291,"column":4},"end":{"line":296,"column":6}},"74":{"start":{"line":300,"column":4},"end":{"line":304,"column":6}},"75":{"start":{"line":308,"column":4},"end":{"line":309,"column":74}},"76":{"start":{"line":309,"column":8},"end":{"line":309,"column":74}},"77":{"start":{"line":310,"column":4},"end":{"line":310,"column":78}},"78":{"start":{"line":310,"column":20},"end":{"line":310,"column":78}},"79":{"start":{"line":311,"column":4},"end":{"line":311,"column":21}},"80":{"start":{"line":314,"column":15},"end":{"line":414,"column":2}}},"fnMap":{"0":{"name":"UserProfileScreen","decl":{"start":{"line":36,"column":24},"end":{"line":36,"column":41}},"loc":{"start":{"line":36,"column":44},"end":{"line":286,"column":1}},"line":36},"1":{"name":"(anonymous_1)","decl":{"start":{"line":58,"column":14},"end":{"line":58,"column":15}},"loc":{"start":{"line":58,"column":20},"end":{"line":79,"column":5}},"line":58},"2":{"name":"(anonymous_2)","decl":{"start":{"line":59,"column":26},"end":{"line":59,"column":27}},"loc":{"start":{"line":59,"column":38},"end":{"line":76,"column":9}},"line":59},"3":{"name":"(anonymous_3)","decl":{"start":{"line":83,"column":8},"end":{"line":83,"column":9}},"loc":{"start":{"line":83,"column":31},"end":{"line":96,"column":9}},"line":83},"4":{"name":"(anonymous_4)","decl":{"start":{"line":101,"column":14},"end":{"line":101,"column":15}},"loc":{"start":{"line":101,"column":20},"end":{"line":104,"column":5}},"line":101},"5":{"name":"(anonymous_5)","decl":{"start":{"line":107,"column":34},"end":{"line":107,"column":35}},"loc":{"start":{"line":107,"column":46},"end":{"line":112,"column":5}},"line":107},"6":{"name":"(anonymous_6)","decl":{"start":{"line":116,"column":8},"end":{"line":116,"column":9}},"loc":{"start":{"line":117,"column":12},"end":{"line":168,"column":19}},"line":117},"7":{"name":"(anonymous_7)","decl":{"start":{"line":120,"column":47},"end":{"line":120,"column":48}},"loc":{"start":{"line":120,"column":53},"end":{"line":120,"column":66}},"line":120},"8":{"name":"(anonymous_8)","decl":{"start":{"line":155,"column":33},"end":{"line":155,"column":34}},"loc":{"start":{"line":155,"column":39},"end":{"line":165,"column":25}},"line":155},"9":{"name":"(anonymous_9)","decl":{"start":{"line":175,"column":8},"end":{"line":175,"column":9}},"loc":{"start":{"line":176,"column":12},"end":{"line":181,"column":31}},"line":176},"10":{"name":"(anonymous_10)","decl":{"start":{"line":178,"column":25},"end":{"line":178,"column":26}},"loc":{"start":{"line":178,"column":31},"end":{"line":178,"column":52}},"line":178},"11":{"name":"(anonymous_11)","decl":{"start":{"line":186,"column":37},"end":{"line":186,"column":38}},"loc":{"start":{"line":186,"column":53},"end":{"line":186,"column":65}},"line":186},"12":{"name":"(anonymous_12)","decl":{"start":{"line":187,"column":39},"end":{"line":187,"column":40}},"loc":{"start":{"line":187,"column":46},"end":{"line":187,"column":58}},"line":187},"13":{"name":"(anonymous_13)","decl":{"start":{"line":254,"column":32},"end":{"line":254,"column":33}},"loc":{"start":{"line":254,"column":38},"end":{"line":254,"column":59}},"line":254},"14":{"name":"(anonymous_14)","decl":{"start":{"line":260,"column":29},"end":{"line":260,"column":30}},"loc":{"start":{"line":260,"column":35},"end":{"line":260,"column":56}},"line":260},"15":{"name":"(anonymous_15)","decl":{"start":{"line":267,"column":37},"end":{"line":267,"column":38}},"loc":{"start":{"line":267,"column":43},"end":{"line":267,"column":64}},"line":267},"16":{"name":"Stat","decl":{"start":{"line":290,"column":9},"end":{"line":290,"column":13}},"loc":{"start":{"line":290,"column":62},"end":{"line":297,"column":1}},"line":290},"17":{"name":"Button","decl":{"start":{"line":299,"column":9},"end":{"line":299,"column":15}},"loc":{"start":{"line":299,"column":75},"end":{"line":305,"column":1}},"line":299},"18":{"name":"formatNum","decl":{"start":{"line":307,"column":9},"end":{"line":307,"column":18}},"loc":{"start":{"line":307,"column":30},"end":{"line":312,"column":1}},"line":307}},"branchMap":{"0":{"loc":{"start":{"line":38,"column":19},"end":{"line":38,"column":63}},"type":"cond-expr","locations":[{"start":{"line":38,"column":35},"end":{"line":38,"column":56}},{"start":{"line":38,"column":59},"end":{"line":38,"column":63}}],"line":38},"1":{"loc":{"start":{"line":65,"column":16},"end":{"line":69,"column":17}},"type":"if","locations":[{"start":{"line":65,"column":16},"end":{"line":69,"column":17}},{"start":{"line":67,"column":23},"end":{"line":69,"column":17}}],"line":65},"2":{"loc":{"start":{"line":92,"column":30},"end":{"line":92,"column":68}},"type":"binary-expr","locations":[{"start":{"line":92,"column":30},"end":{"line":92,"column":41}},{"start":{"line":92,"column":45},"end":{"line":92,"column":68}}],"line":92},"3":{"loc":{"start":{"line":102,"column":8},"end":{"line":102,"column":45}},"type":"if","locations":[{"start":{"line":102,"column":8},"end":{"line":102,"column":45}},{"start":{},"end":{}}],"line":102},"4":{"loc":{"start":{"line":102,"column":12},"end":{"line":102,"column":36}},"type":"binary-expr","locations":[{"start":{"line":102,"column":12},"end":{"line":102,"column":18}},{"start":{"line":102,"column":22},"end":{"line":102,"column":36}}],"line":102},"5":{"loc":{"start":{"line":108,"column":8},"end":{"line":108,"column":45}},"type":"if","locations":[{"start":{"line":108,"column":8},"end":{"line":108,"column":45}},{"start":{},"end":{}}],"line":108},"6":{"loc":{"start":{"line":108,"column":12},"end":{"line":108,"column":36}},"type":"binary-expr","locations":[{"start":{"line":108,"column":12},"end":{"line":108,"column":18}},{"start":{"line":108,"column":22},"end":{"line":108,"column":36}}],"line":108},"7":{"loc":{"start":{"line":123,"column":52},"end":{"line":123,"column":70}},"type":"binary-expr","locations":[{"start":{"line":123,"column":52},"end":{"line":123,"column":60}},{"start":{"line":123,"column":64},"end":{"line":123,"column":70}}],"line":123},"8":{"loc":{"start":{"line":131,"column":29},"end":{"line":131,"column":78}},"type":"cond-expr","locations":[{"start":{"line":131,"column":40},"end":{"line":131,"column":72}},{"start":{"line":131,"column":75},"end":{"line":131,"column":78}}],"line":131},"9":{"loc":{"start":{"line":142,"column":47},"end":{"line":142,"column":65}},"type":"binary-expr","locations":[{"start":{"line":142,"column":47},"end":{"line":142,"column":55}},{"start":{"line":142,"column":59},"end":{"line":142,"column":65}}],"line":142},"10":{"loc":{"start":{"line":143,"column":21},"end":{"line":145,"column":21}},"type":"binary-expr","locations":[{"start":{"line":143,"column":21},"end":{"line":143,"column":26}},{"start":{"line":144,"column":24},"end":{"line":144,"column":74}}],"line":143},"11":{"loc":{"start":{"line":146,"column":21},"end":{"line":148,"column":21}},"type":"binary-expr","locations":[{"start":{"line":146,"column":21},"end":{"line":146,"column":29}},{"start":{"line":147,"column":24},"end":{"line":147,"column":85}}],"line":146},"12":{"loc":{"start":{"line":156,"column":28},"end":{"line":164,"column":29}},"type":"if","locations":[{"start":{"line":156,"column":28},"end":{"line":164,"column":29}},{"start":{},"end":{}}],"line":156},"13":{"loc":{"start":{"line":156,"column":32},"end":{"line":156,"column":50}},"type":"binary-expr","locations":[{"start":{"line":156,"column":32},"end":{"line":156,"column":38}},{"start":{"line":156,"column":42},"end":{"line":156,"column":50}}],"line":156},"14":{"loc":{"start":{"line":191,"column":4},"end":{"line":198,"column":5}},"type":"if","locations":[{"start":{"line":191,"column":4},"end":{"line":198,"column":5}},{"start":{},"end":{}}],"line":191},"15":{"loc":{"start":{"line":191,"column":8},"end":{"line":191,"column":35}},"type":"binary-expr","locations":[{"start":{"line":191,"column":8},"end":{"line":191,"column":19}},{"start":{"line":191,"column":23},"end":{"line":191,"column":35}}],"line":191},"16":{"loc":{"start":{"line":200,"column":4},"end":{"line":206,"column":5}},"type":"if","locations":[{"start":{"line":200,"column":4},"end":{"line":206,"column":5}},{"start":{},"end":{}}],"line":200},"17":{"loc":{"start":{"line":200,"column":8},"end":{"line":200,"column":27}},"type":"binary-expr","locations":[{"start":{"line":200,"column":8},"end":{"line":200,"column":17}},{"start":{"line":200,"column":21},"end":{"line":200,"column":27}}],"line":200},"18":{"loc":{"start":{"line":203,"column":23},"end":{"line":203,"column":61}},"type":"binary-expr","locations":[{"start":{"line":203,"column":23},"end":{"line":203,"column":32}},{"start":{"line":203,"column":36},"end":{"line":203,"column":61}}],"line":203},"19":{"loc":{"start":{"line":208,"column":4},"end":{"line":214,"column":5}},"type":"if","locations":[{"start":{"line":208,"column":4},"end":{"line":214,"column":5}},{"start":{},"end":{}}],"line":208},"20":{"loc":{"start":{"line":216,"column":4},"end":{"line":222,"column":5}},"type":"if","locations":[{"start":{"line":216,"column":4},"end":{"line":222,"column":5}},{"start":{},"end":{}}],"line":216},"21":{"loc":{"start":{"line":274,"column":25},"end":{"line":280,"column":25}},"type":"binary-expr","locations":[{"start":{"line":274,"column":25},"end":{"line":274,"column":37}},{"start":{"line":275,"column":28},"end":{"line":279,"column":30}}],"line":274},"22":{"loc":{"start":{"line":278,"column":41},"end":{"line":278,"column":62}},"type":"binary-expr","locations":[{"start":{"line":278,"column":41},"end":{"line":278,"column":49}},{"start":{"line":278,"column":53},"end":{"line":278,"column":62}}],"line":278},"23":{"loc":{"start":{"line":308,"column":4},"end":{"line":309,"column":74}},"type":"if","locations":[{"start":{"line":308,"column":4},"end":{"line":309,"column":74}},{"start":{},"end":{}}],"line":308},"24":{"loc":{"start":{"line":309,"column":39},"end":{"line":309,"column":66}},"type":"cond-expr","locations":[{"start":{"line":309,"column":61},"end":{"line":309,"column":62}},{"start":{"line":309,"column":65},"end":{"line":309,"column":66}}],"line":309},"25":{"loc":{"start":{"line":310,"column":4},"end":{"line":310,"column":78}},"type":"if","locations":[{"start":{"line":310,"column":4},"end":{"line":310,"column":78}},{"start":{},"end":{}}],"line":310},"26":{"loc":{"start":{"line":310,"column":47},"end":{"line":310,"column":70}},"type":"cond-expr","locations":[{"start":{"line":310,"column":65},"end":{"line":310,"column":66}},{"start":{"line":310,"column":69},"end":{"line":310,"column":70}}],"line":310}},"s":{"0":0,"1":0,"2":0,"3":0,"4":0,"5":0,"6":0,"7":0,"8":0,"9":0,"10":0,"11":0,"12":0,"13":0,"14":0,"15":0,"16":0,"17":0,"18":0,"19":0,"20":0,"21":0,"22":0,"23":0,"24":0,"25":0,"26":0,"27":0,"28":0,"29":0,"30":0,"31":0,"32":0,"33":0,"34":0,"35":0,"36":0,"37":0,"38":0,"39":0,"40":0,"41":0,"42":0,"43":0,"44":0,"45":0,"46":0,"47":0,"48":0,"49":0,"50":0,"51":0,"52":0,"53":0,"54":0,"55":0,"56":0,"57":0,"58":0,"59":0,"60":0,"61":0,"62":0,"63":0,"64":0,"65":0,"66":0,"67":0,"68":0,"69":0,"70":0,"71":0,"72":0,"73":0,"74":0,"75":0,"76":0,"77":0,"78":0,"79":0,"80":0},"f":{"0":0,"1":0,"2":0,"3":0,"4":0,"5":0,"6":0,"7":0,"8":0,"9":0,"10":0,"11":0,"12":0,"13":0,"14":0,"15":0,"16":0,"17":0,"18":0},"b":{"0":[0,0],"1":[0,0],"2":[0,0],"3":[0,0],"4":[0,0],"5":[0,0],"6":[0,0],"7":[0,0],"8":[0,0],"9":[0,0],"10":[0,0],"11":[0,0],"12":[0,0],"13":[0,0],"14":[0,0],"15":[0,0],"16":[0,0],"17":[0,0],"18":[0,0],"19":[0,0],"20":[0,0],"21":[0,0],"22":[0,0],"23":[0,0],"24":[0,0],"25":[0,0],"26":[0,0]}}
,"/home/gabe/csumb/438/Project3Frontend/app/(tabs)/_layout.tsx": {"path":"/home/gabe/csumb/438/Project3Frontend/app/(tabs)/_layout.tsx","statementMap":{"0":{"start":{"line":10,"column":22},"end":{"line":10,"column":38}},"1":{"start":{"line":12,"column":2},"end":{"line":55,"column":4}},"2":{"start":{"line":23,"column":37},"end":{"line":23,"column":93}},"3":{"start":{"line":30,"column":37},"end":{"line":30,"column":96}},"4":{"start":{"line":37,"column":37},"end":{"line":37,"column":99}},"5":{"start":{"line":44,"column":37},"end":{"line":44,"column":93}},"6":{"start":{"line":51,"column":37},"end":{"line":51,"column":91}}},"fnMap":{"0":{"name":"TabLayout","decl":{"start":{"line":9,"column":24},"end":{"line":9,"column":33}},"loc":{"start":{"line":9,"column":36},"end":{"line":56,"column":1}},"line":9},"1":{"name":"(anonymous_1)","decl":{"start":{"line":23,"column":22},"end":{"line":23,"column":23}},"loc":{"start":{"line":23,"column":37},"end":{"line":23,"column":93}},"line":23},"2":{"name":"(anonymous_2)","decl":{"start":{"line":30,"column":22},"end":{"line":30,"column":23}},"loc":{"start":{"line":30,"column":37},"end":{"line":30,"column":96}},"line":30},"3":{"name":"(anonymous_3)","decl":{"start":{"line":37,"column":22},"end":{"line":37,"column":23}},"loc":{"start":{"line":37,"column":37},"end":{"line":37,"column":99}},"line":37},"4":{"name":"(anonymous_4)","decl":{"start":{"line":44,"column":22},"end":{"line":44,"column":23}},"loc":{"start":{"line":44,"column":37},"end":{"line":44,"column":93}},"line":44},"5":{"name":"(anonymous_5)","decl":{"start":{"line":51,"column":22},"end":{"line":51,"column":23}},"loc":{"start":{"line":51,"column":37},"end":{"line":51,"column":91}},"line":51}},"branchMap":{"0":{"loc":{"start":{"line":15,"column":38},"end":{"line":15,"column":60}},"type":"binary-expr","locations":[{"start":{"line":15,"column":38},"end":{"line":15,"column":49}},{"start":{"line":15,"column":53},"end":{"line":15,"column":60}}],"line":15}},"s":{"0":0,"1":0,"2":0,"3":0,"4":0,"5":0,"6":0},"f":{"0":0,"1":0,"2":0,"3":0,"4":0,"5":0},"b":{"0":[0,0]}}
,"/home/gabe/csumb/438/Project3Frontend/app/(tabs)/account.tsx": {"path":"/home/gabe/csumb/438/Project3Frontend/app/(tabs)/account.tsx","statementMap":{"0":{"start":{"line":34,"column":13},"end":{"line":34,"column":14}},"1":{"start":{"line":35,"column":12},"end":{"line":35,"column":13}},"2":{"start":{"line":36,"column":17},"end":{"line":36,"column":47}},"3":{"start":{"line":37,"column":17},"end":{"line":37,"column":65}},"4":{"start":{"line":41,"column":28},"end":{"line":41,"column":57}},"5":{"start":{"line":42,"column":40},"end":{"line":42,"column":54}},"6":{"start":{"line":43,"column":36},"end":{"line":43,"column":65}},"7":{"start":{"line":46,"column":49},"end":{"line":46,"column":78}},"8":{"start":{"line":47,"column":38},"end":{"line":47,"column":52}},"9":{"start":{"line":48,"column":36},"end":{"line":48,"column":65}},"10":{"start":{"line":51,"column":26},"end":{"line":51,"column":56}},"11":{"start":{"line":52,"column":40},"end":{"line":52,"column":54}},"12":{"start":{"line":53,"column":36},"end":{"line":53,"column":65}},"13":{"start":{"line":56,"column":28},"end":{"line":56,"column":51}},"14":{"start":{"line":57,"column":42},"end":{"line":57,"column":56}},"15":{"start":{"line":58,"column":38},"end":{"line":58,"column":67}},"16":{"start":{"line":61,"column":38},"end":{"line":61,"column":53}},"17":{"start":{"line":62,"column":42},"end":{"line":62,"column":72}},"18":{"start":{"line":65,"column":2},"end":{"line":86,"column":9}},"19":{"start":{"line":66,"column":22},"end":{"line":83,"column":5}},"20":{"start":{"line":67,"column":6},"end":{"line":82,"column":7}},"21":{"start":{"line":68,"column":8},"end":{"line":68,"column":29}},"22":{"start":{"line":69,"column":8},"end":{"line":69,"column":27}},"23":{"start":{"line":71,"column":18},"end":{"line":71,"column":32}},"24":{"start":{"line":72,"column":8},"end":{"line":76,"column":9}},"25":{"start":{"line":73,"column":10},"end":{"line":73,"column":50}},"26":{"start":{"line":75,"column":10},"end":{"line":75,"column":22}},"27":{"start":{"line":78,"column":8},"end":{"line":78,"column":57}},"28":{"start":{"line":79,"column":8},"end":{"line":79,"column":51}},"29":{"start":{"line":81,"column":8},"end":{"line":81,"column":30}},"30":{"start":{"line":85,"column":4},"end":{"line":85,"column":16}},"31":{"start":{"line":89,"column":2},"end":{"line":105,"column":14}},"32":{"start":{"line":90,"column":4},"end":{"line":90,"column":23}},"33":{"start":{"line":90,"column":16},"end":{"line":90,"column":23}},"34":{"start":{"line":92,"column":28},"end":{"line":102,"column":5}},"35":{"start":{"line":93,"column":6},"end":{"line":101,"column":7}},"36":{"start":{"line":94,"column":8},"end":{"line":94,"column":28}},"37":{"start":{"line":95,"column":19},"end":{"line":95,"column":43}},"38":{"start":{"line":96,"column":8},"end":{"line":96,"column":34}},"39":{"start":{"line":98,"column":8},"end":{"line":98,"column":59}},"40":{"start":{"line":100,"column":8},"end":{"line":100,"column":29}},"41":{"start":{"line":104,"column":4},"end":{"line":104,"column":22}},"42":{"start":{"line":108,"column":2},"end":{"line":137,"column":29}},"43":{"start":{"line":109,"column":4},"end":{"line":109,"column":48}},"44":{"start":{"line":109,"column":41},"end":{"line":109,"column":48}},"45":{"start":{"line":111,"column":26},"end":{"line":134,"column":5}},"46":{"start":{"line":112,"column":6},"end":{"line":133,"column":7}},"47":{"start":{"line":114,"column":20},"end":{"line":121,"column":9}},"48":{"start":{"line":123,"column":8},"end":{"line":126,"column":9}},"49":{"start":{"line":124,"column":10},"end":{"line":124,"column":67}},"50":{"start":{"line":125,"column":10},"end":{"line":125,"column":17}},"51":{"start":{"line":128,"column":34},"end":{"line":128,"column":50}},"52":{"start":{"line":129,"column":22},"end":{"line":129,"column":73}},"53":{"start":{"line":129,"column":42},"end":{"line":129,"column":64}},"54":{"start":{"line":130,"column":8},"end":{"line":130,"column":28}},"55":{"start":{"line":132,"column":8},"end":{"line":132,"column":55}},"56":{"start":{"line":136,"column":4},"end":{"line":136,"column":20}},"57":{"start":{"line":140,"column":2},"end":{"line":163,"column":14}},"58":{"start":{"line":141,"column":4},"end":{"line":141,"column":23}},"59":{"start":{"line":141,"column":16},"end":{"line":141,"column":23}},"60":{"start":{"line":143,"column":21},"end":{"line":160,"column":5}},"61":{"start":{"line":144,"column":6},"end":{"line":159,"column":7}},"62":{"start":{"line":145,"column":8},"end":{"line":145,"column":29}},"63":{"start":{"line":146,"column":8},"end":{"line":146,"column":27}},"64":{"start":{"line":148,"column":18},"end":{"line":148,"column":40}},"65":{"start":{"line":149,"column":8},"end":{"line":153,"column":9}},"66":{"start":{"line":150,"column":10},"end":{"line":150,"column":47}},"67":{"start":{"line":152,"column":10},"end":{"line":152,"column":21}},"68":{"start":{"line":155,"column":8},"end":{"line":155,"column":51}},"69":{"start":{"line":156,"column":8},"end":{"line":156,"column":60}},"70":{"start":{"line":158,"column":8},"end":{"line":158,"column":30}},"71":{"start":{"line":162,"column":4},"end":{"line":162,"column":15}},"72":{"start":{"line":166,"column":20},"end":{"line":182,"column":3}},"73":{"start":{"line":168,"column":6},"end":{"line":179,"column":7}},"74":{"start":{"line":169,"column":8},"end":{"line":169,"column":30}},"75":{"start":{"line":170,"column":8},"end":{"line":170,"column":28}},"76":{"start":{"line":172,"column":25},"end":{"line":172,"column":51}},"77":{"start":{"line":173,"column":8},"end":{"line":173,"column":27}},"78":{"start":{"line":175,"column":8},"end":{"line":175,"column":52}},"79":{"start":{"line":176,"column":8},"end":{"line":176,"column":62}},"80":{"start":{"line":178,"column":8},"end":{"line":178,"column":31}},"81":{"start":{"line":185,"column":2},"end":{"line":188,"column":40}},"82":{"start":{"line":186,"column":4},"end":{"line":186,"column":48}},"83":{"start":{"line":186,"column":41},"end":{"line":186,"column":48}},"84":{"start":{"line":187,"column":4},"end":{"line":187,"column":29}},"85":{"start":{"line":191,"column":20},"end":{"line":196,"column":39}},"86":{"start":{"line":192,"column":4},"end":{"line":192,"column":48}},"87":{"start":{"line":192,"column":41},"end":{"line":192,"column":48}},"88":{"start":{"line":193,"column":4},"end":{"line":193,"column":24}},"89":{"start":{"line":194,"column":4},"end":{"line":194,"column":35}},"90":{"start":{"line":195,"column":4},"end":{"line":195,"column":25}},"91":{"start":{"line":199,"column":23},"end":{"line":272,"column":3}},"92":{"start":{"line":201,"column":6},"end":{"line":269,"column":13}},"93":{"start":{"line":214,"column":27},"end":{"line":214,"column":52}},"94":{"start":{"line":275,"column":46},"end":{"line":285,"column":3}},"95":{"start":{"line":277,"column":6},"end":{"line":282,"column":25}},"96":{"start":{"line":279,"column":23},"end":{"line":279,"column":44}},"97":{"start":{"line":287,"column":23},"end":{"line":287,"column":68}},"98":{"start":{"line":287,"column":51},"end":{"line":287,"column":63}},"99":{"start":{"line":288,"column":29},"end":{"line":288,"column":62}},"100":{"start":{"line":288,"column":44},"end":{"line":288,"column":56}},"101":{"start":{"line":292,"column":2},"end":{"line":299,"column":3}},"102":{"start":{"line":293,"column":4},"end":{"line":298,"column":6}},"103":{"start":{"line":301,"column":2},"end":{"line":307,"column":3}},"104":{"start":{"line":302,"column":4},"end":{"line":306,"column":6}},"105":{"start":{"line":310,"column":2},"end":{"line":313,"column":3}},"106":{"start":{"line":311,"column":4},"end":{"line":311,"column":33}},"107":{"start":{"line":312,"column":4},"end":{"line":312,"column":16}},"108":{"start":{"line":315,"column":2},"end":{"line":321,"column":3}},"109":{"start":{"line":316,"column":4},"end":{"line":320,"column":6}},"110":{"start":{"line":325,"column":2},"end":{"line":384,"column":4}},"111":{"start":{"line":353,"column":30},"end":{"line":353,"column":51}},"112":{"start":{"line":359,"column":25},"end":{"line":359,"column":46}},"113":{"start":{"line":366,"column":29},"end":{"line":366,"column":50}},"114":{"start":{"line":390,"column":2},"end":{"line":395,"column":4}},"115":{"start":{"line":399,"column":2},"end":{"line":403,"column":4}},"116":{"start":{"line":407,"column":2},"end":{"line":408,"column":70}},"117":{"start":{"line":408,"column":4},"end":{"line":408,"column":70}},"118":{"start":{"line":409,"column":2},"end":{"line":409,"column":76}},"119":{"start":{"line":409,"column":18},"end":{"line":409,"column":76}},"120":{"start":{"line":410,"column":2},"end":{"line":410,"column":19}},"121":{"start":{"line":413,"column":15},"end":{"line":534,"column":2}}},"fnMap":{"0":{"name":"ProfileScreen","decl":{"start":{"line":39,"column":24},"end":{"line":39,"column":37}},"loc":{"start":{"line":39,"column":40},"end":{"line":385,"column":1}},"line":39},"1":{"name":"(anonymous_1)","decl":{"start":{"line":65,"column":12},"end":{"line":65,"column":13}},"loc":{"start":{"line":65,"column":18},"end":{"line":86,"column":3}},"line":65},"2":{"name":"(anonymous_2)","decl":{"start":{"line":66,"column":22},"end":{"line":66,"column":23}},"loc":{"start":{"line":66,"column":34},"end":{"line":83,"column":5}},"line":66},"3":{"name":"(anonymous_3)","decl":{"start":{"line":89,"column":12},"end":{"line":89,"column":13}},"loc":{"start":{"line":89,"column":18},"end":{"line":105,"column":3}},"line":89},"4":{"name":"(anonymous_4)","decl":{"start":{"line":92,"column":28},"end":{"line":92,"column":29}},"loc":{"start":{"line":92,"column":40},"end":{"line":102,"column":5}},"line":92},"5":{"name":"(anonymous_5)","decl":{"start":{"line":108,"column":12},"end":{"line":108,"column":13}},"loc":{"start":{"line":108,"column":18},"end":{"line":137,"column":3}},"line":108},"6":{"name":"(anonymous_6)","decl":{"start":{"line":111,"column":26},"end":{"line":111,"column":27}},"loc":{"start":{"line":111,"column":38},"end":{"line":134,"column":5}},"line":111},"7":{"name":"(anonymous_7)","decl":{"start":{"line":129,"column":35},"end":{"line":129,"column":36}},"loc":{"start":{"line":129,"column":42},"end":{"line":129,"column":64}},"line":129},"8":{"name":"(anonymous_8)","decl":{"start":{"line":140,"column":12},"end":{"line":140,"column":13}},"loc":{"start":{"line":140,"column":18},"end":{"line":163,"column":3}},"line":140},"9":{"name":"(anonymous_9)","decl":{"start":{"line":143,"column":21},"end":{"line":143,"column":22}},"loc":{"start":{"line":143,"column":33},"end":{"line":160,"column":5}},"line":143},"10":{"name":"(anonymous_10)","decl":{"start":{"line":167,"column":4},"end":{"line":167,"column":5}},"loc":{"start":{"line":167,"column":29},"end":{"line":180,"column":5}},"line":167},"11":{"name":"(anonymous_11)","decl":{"start":{"line":185,"column":12},"end":{"line":185,"column":13}},"loc":{"start":{"line":185,"column":18},"end":{"line":188,"column":3}},"line":185},"12":{"name":"(anonymous_12)","decl":{"start":{"line":191,"column":32},"end":{"line":191,"column":33}},"loc":{"start":{"line":191,"column":44},"end":{"line":196,"column":3}},"line":191},"13":{"name":"(anonymous_13)","decl":{"start":{"line":200,"column":4},"end":{"line":200,"column":5}},"loc":{"start":{"line":201,"column":6},"end":{"line":269,"column":13}},"line":201},"14":{"name":"(anonymous_14)","decl":{"start":{"line":214,"column":21},"end":{"line":214,"column":22}},"loc":{"start":{"line":214,"column":27},"end":{"line":214,"column":52}},"line":214},"15":{"name":"(anonymous_15)","decl":{"start":{"line":276,"column":4},"end":{"line":276,"column":5}},"loc":{"start":{"line":277,"column":6},"end":{"line":282,"column":25}},"line":277},"16":{"name":"(anonymous_16)","decl":{"start":{"line":279,"column":17},"end":{"line":279,"column":18}},"loc":{"start":{"line":279,"column":23},"end":{"line":279,"column":44}},"line":279},"17":{"name":"(anonymous_17)","decl":{"start":{"line":287,"column":35},"end":{"line":287,"column":36}},"loc":{"start":{"line":287,"column":51},"end":{"line":287,"column":63}},"line":287},"18":{"name":"(anonymous_18)","decl":{"start":{"line":288,"column":37},"end":{"line":288,"column":38}},"loc":{"start":{"line":288,"column":44},"end":{"line":288,"column":56}},"line":288},"19":{"name":"(anonymous_19)","decl":{"start":{"line":353,"column":24},"end":{"line":353,"column":25}},"loc":{"start":{"line":353,"column":30},"end":{"line":353,"column":51}},"line":353},"20":{"name":"(anonymous_20)","decl":{"start":{"line":359,"column":19},"end":{"line":359,"column":20}},"loc":{"start":{"line":359,"column":25},"end":{"line":359,"column":46}},"line":359},"21":{"name":"(anonymous_21)","decl":{"start":{"line":366,"column":23},"end":{"line":366,"column":24}},"loc":{"start":{"line":366,"column":29},"end":{"line":366,"column":50}},"line":366},"22":{"name":"Stat","decl":{"start":{"line":389,"column":9},"end":{"line":389,"column":13}},"loc":{"start":{"line":389,"column":62},"end":{"line":396,"column":1}},"line":389},"23":{"name":"Button","decl":{"start":{"line":398,"column":9},"end":{"line":398,"column":15}},"loc":{"start":{"line":398,"column":44},"end":{"line":404,"column":1}},"line":398},"24":{"name":"formatNum","decl":{"start":{"line":406,"column":9},"end":{"line":406,"column":18}},"loc":{"start":{"line":406,"column":30},"end":{"line":411,"column":1}},"line":406}},"branchMap":{"0":{"loc":{"start":{"line":72,"column":8},"end":{"line":76,"column":9}},"type":"if","locations":[{"start":{"line":72,"column":8},"end":{"line":76,"column":9}},{"start":{"line":74,"column":15},"end":{"line":76,"column":9}}],"line":72},"1":{"loc":{"start":{"line":90,"column":4},"end":{"line":90,"column":23}},"type":"if","locations":[{"start":{"line":90,"column":4},"end":{"line":90,"column":23}},{"start":{},"end":{}}],"line":90},"2":{"loc":{"start":{"line":109,"column":4},"end":{"line":109,"column":48}},"type":"if","locations":[{"start":{"line":109,"column":4},"end":{"line":109,"column":48}},{"start":{},"end":{}}],"line":109},"3":{"loc":{"start":{"line":109,"column":8},"end":{"line":109,"column":39}},"type":"binary-expr","locations":[{"start":{"line":109,"column":8},"end":{"line":109,"column":14}},{"start":{"line":109,"column":18},"end":{"line":109,"column":39}}],"line":109},"4":{"loc":{"start":{"line":123,"column":8},"end":{"line":126,"column":9}},"type":"if","locations":[{"start":{"line":123,"column":8},"end":{"line":126,"column":9}},{"start":{},"end":{}}],"line":123},"5":{"loc":{"start":{"line":129,"column":22},"end":{"line":129,"column":73}},"type":"binary-expr","locations":[{"start":{"line":129,"column":22},"end":{"line":129,"column":65}},{"start":{"line":129,"column":69},"end":{"line":129,"column":73}}],"line":129},"6":{"loc":{"start":{"line":141,"column":4},"end":{"line":141,"column":23}},"type":"if","locations":[{"start":{"line":141,"column":4},"end":{"line":141,"column":23}},{"start":{},"end":{}}],"line":141},"7":{"loc":{"start":{"line":149,"column":8},"end":{"line":153,"column":9}},"type":"if","locations":[{"start":{"line":149,"column":8},"end":{"line":153,"column":9}},{"start":{"line":151,"column":15},"end":{"line":153,"column":9}}],"line":149},"8":{"loc":{"start":{"line":156,"column":21},"end":{"line":156,"column":58}},"type":"binary-expr","locations":[{"start":{"line":156,"column":21},"end":{"line":156,"column":32}},{"start":{"line":156,"column":36},"end":{"line":156,"column":58}}],"line":156},"9":{"loc":{"start":{"line":176,"column":22},"end":{"line":176,"column":60}},"type":"binary-expr","locations":[{"start":{"line":176,"column":22},"end":{"line":176,"column":33}},{"start":{"line":176,"column":37},"end":{"line":176,"column":60}}],"line":176},"10":{"loc":{"start":{"line":186,"column":4},"end":{"line":186,"column":48}},"type":"if","locations":[{"start":{"line":186,"column":4},"end":{"line":186,"column":48}},{"start":{},"end":{}}],"line":186},"11":{"loc":{"start":{"line":186,"column":8},"end":{"line":186,"column":39}},"type":"binary-expr","locations":[{"start":{"line":186,"column":8},"end":{"line":186,"column":14}},{"start":{"line":186,"column":18},"end":{"line":186,"column":39}}],"line":186},"12":{"loc":{"start":{"line":192,"column":4},"end":{"line":192,"column":48}},"type":"if","locations":[{"start":{"line":192,"column":4},"end":{"line":192,"column":48}},{"start":{},"end":{}}],"line":192},"13":{"loc":{"start":{"line":192,"column":8},"end":{"line":192,"column":39}},"type":"binary-expr","locations":[{"start":{"line":192,"column":8},"end":{"line":192,"column":14}},{"start":{"line":192,"column":18},"end":{"line":192,"column":39}}],"line":192},"14":{"loc":{"start":{"line":206,"column":13},"end":{"line":210,"column":31}},"type":"cond-expr","locations":[{"start":{"line":207,"column":16},"end":{"line":207,"column":30}},{"start":{"line":208,"column":16},"end":{"line":210,"column":31}}],"line":206},"15":{"loc":{"start":{"line":208,"column":16},"end":{"line":210,"column":31}},"type":"cond-expr","locations":[{"start":{"line":209,"column":16},"end":{"line":209,"column":35}},{"start":{"line":210,"column":16},"end":{"line":210,"column":31}}],"line":208},"16":{"loc":{"start":{"line":217,"column":15},"end":{"line":217,"column":54}},"type":"cond-expr","locations":[{"start":{"line":217,"column":31},"end":{"line":217,"column":39}},{"start":{"line":217,"column":42},"end":{"line":217,"column":54}}],"line":217},"17":{"loc":{"start":{"line":223,"column":9},"end":{"line":268,"column":9}},"type":"cond-expr","locations":[{"start":{"line":224,"column":10},"end":{"line":226,"column":17}},{"start":{"line":228,"column":10},"end":{"line":267,"column":13}}],"line":223},"18":{"loc":{"start":{"line":254,"column":15},"end":{"line":256,"column":15}},"type":"binary-expr","locations":[{"start":{"line":254,"column":15},"end":{"line":254,"column":25}},{"start":{"line":255,"column":16},"end":{"line":255,"column":71}}],"line":254},"19":{"loc":{"start":{"line":257,"column":15},"end":{"line":259,"column":15}},"type":"binary-expr","locations":[{"start":{"line":257,"column":15},"end":{"line":257,"column":28}},{"start":{"line":258,"column":16},"end":{"line":258,"column":82}}],"line":257},"20":{"loc":{"start":{"line":292,"column":2},"end":{"line":299,"column":3}},"type":"if","locations":[{"start":{"line":292,"column":2},"end":{"line":299,"column":3}},{"start":{},"end":{}}],"line":292},"21":{"loc":{"start":{"line":292,"column":6},"end":{"line":292,"column":62}},"type":"binary-expr","locations":[{"start":{"line":292,"column":6},"end":{"line":292,"column":17}},{"start":{"line":292,"column":21},"end":{"line":292,"column":31}},{"start":{"line":292,"column":35},"end":{"line":292,"column":46}},{"start":{"line":292,"column":50},"end":{"line":292,"column":62}}],"line":292},"22":{"loc":{"start":{"line":301,"column":2},"end":{"line":307,"column":3}},"type":"if","locations":[{"start":{"line":301,"column":2},"end":{"line":307,"column":3}},{"start":{},"end":{}}],"line":301},"23":{"loc":{"start":{"line":301,"column":6},"end":{"line":301,"column":25}},"type":"binary-expr","locations":[{"start":{"line":301,"column":6},"end":{"line":301,"column":15}},{"start":{"line":301,"column":19},"end":{"line":301,"column":25}}],"line":301},"24":{"loc":{"start":{"line":304,"column":15},"end":{"line":304,"column":53}},"type":"binary-expr","locations":[{"start":{"line":304,"column":15},"end":{"line":304,"column":24}},{"start":{"line":304,"column":28},"end":{"line":304,"column":53}}],"line":304},"25":{"loc":{"start":{"line":310,"column":2},"end":{"line":313,"column":3}},"type":"if","locations":[{"start":{"line":310,"column":2},"end":{"line":313,"column":3}},{"start":{},"end":{}}],"line":310},"26":{"loc":{"start":{"line":315,"column":2},"end":{"line":321,"column":3}},"type":"if","locations":[{"start":{"line":315,"column":2},"end":{"line":321,"column":3}},{"start":{},"end":{}}],"line":315},"27":{"loc":{"start":{"line":315,"column":6},"end":{"line":315,"column":29}},"type":"binary-expr","locations":[{"start":{"line":315,"column":6},"end":{"line":315,"column":15}},{"start":{"line":315,"column":19},"end":{"line":315,"column":29}}],"line":315},"28":{"loc":{"start":{"line":318,"column":15},"end":{"line":318,"column":38}},"type":"binary-expr","locations":[{"start":{"line":318,"column":15},"end":{"line":318,"column":24}},{"start":{"line":318,"column":28},"end":{"line":318,"column":38}}],"line":318},"29":{"loc":{"start":{"line":373,"column":13},"end":{"line":379,"column":13}},"type":"binary-expr","locations":[{"start":{"line":373,"column":13},"end":{"line":373,"column":25}},{"start":{"line":374,"column":14},"end":{"line":378,"column":16}}],"line":373},"30":{"loc":{"start":{"line":377,"column":25},"end":{"line":377,"column":52}},"type":"binary-expr","locations":[{"start":{"line":377,"column":25},"end":{"line":377,"column":39}},{"start":{"line":377,"column":43},"end":{"line":377,"column":52}}],"line":377},"31":{"loc":{"start":{"line":407,"column":2},"end":{"line":408,"column":70}},"type":"if","locations":[{"start":{"line":407,"column":2},"end":{"line":408,"column":70}},{"start":{},"end":{}}],"line":407},"32":{"loc":{"start":{"line":408,"column":35},"end":{"line":408,"column":62}},"type":"cond-expr","locations":[{"start":{"line":408,"column":57},"end":{"line":408,"column":58}},{"start":{"line":408,"column":61},"end":{"line":408,"column":62}}],"line":408},"33":{"loc":{"start":{"line":409,"column":2},"end":{"line":409,"column":76}},"type":"if","locations":[{"start":{"line":409,"column":2},"end":{"line":409,"column":76}},{"start":{},"end":{}}],"line":409},"34":{"loc":{"start":{"line":409,"column":45},"end":{"line":409,"column":68}},"type":"cond-expr","locations":[{"start":{"line":409,"column":63},"end":{"line":409,"column":64}},{"start":{"line":409,"column":67},"end":{"line":409,"column":68}}],"line":409}},"s":{"0":0,"1":0,"2":0,"3":0,"4":0,"5":0,"6":0,"7":0,"8":0,"9":0,"10":0,"11":0,"12":0,"13":0,"14":0,"15":0,"16":0,"17":0,"18":0,"19":0,"20":0,"21":0,"22":0,"23":0,"24":0,"25":0,"26":0,"27":0,"28":0,"29":0,"30":0,"31":0,"32":0,"33":0,"34":0,"35":0,"36":0,"37":0,"38":0,"39":0,"40":0,"41":0,"42":0,"43":0,"44":0,"45":0,"46":0,"47":0,"48":0,"49":0,"50":0,"51":0,"52":0,"53":0,"54":0,"55":0,"56":0,"57":0,"58":0,"59":0,"60":0,"61":0,"62":0,"63":0,"64":0,"65":0,"66":0,"67":0,"68":0,"69":0,"70":0,"71":0,"72":0,"73":0,"74":0,"75":0,"76":0,"77":0,"78":0,"79":0,"80":0,"81":0,"82":0,"83":0,"84":0,"85":0,"86":0,"87":0,"88":0,"89":0,"90":0,"91":0,"92":0,"93":0,"94":0,"95":0,"96":0,"97":0,"98":0,"99":0,"100":0,"101":0,"102":0,"103":0,"104":0,"105":0,"106":0,"107":0,"108":0,"109":0,"110":0,"111":0,"112":0,"113":0,"114":0,"115":0,"116":0,"117":0,"118":0,"119":0,"120":0,"121":0},"f":{"0":0,"1":0,"2":0,"3":0,"4":0,"5":0,"6":0,"7":0,"8":0,"9":0,"10":0,"11":0,"12":0,"13":0,"14":0,"15":0,"16":0,"17":0,"18":0,"19":0,"20":0,"21":0,"22":0,"23":0,"24":0},"b":{"0":[0,0],"1":[0,0],"2":[0,0],"3":[0,0],"4":[0,0],"5":[0,0],"6":[0,0],"7":[0,0],"8":[0,0],"9":[0,0],"10":[0,0],"11":[0,0],"12":[0,0],"13":[0,0],"14":[0,0],"15":[0,0],"16":[0,0],"17":[0,0],"18":[0,0],"19":[0,0],"20":[0,0],"21":[0,0,0,0],"22":[0,0],"23":[0,0],"24":[0,0],"25":[0,0],"26":[0,0],"27":[0,0],"28":[0,0],"29":[0,0],"30":[0,0],"31":[0,0],"32":[0,0],"33":[0,0],"34":[0,0]}}
,"/home/gabe/csumb/438/Project3Frontend/app/(tabs)/add.tsx": {"path":"/home/gabe/csumb/438/Project3Frontend/app/(tabs)/add.tsx","statementMap":{"0":{"start":{"line":20,"column":17},"end":{"line":20,"column":68}},"1":{"start":{"line":22,"column":18},"end":{"line":25,"column":1}},"2":{"start":{"line":23,"column":14},"end":{"line":23,"column":30}},"3":{"start":{"line":24,"column":2},"end":{"line":24,"column":26}},"4":{"start":{"line":28,"column":28},"end":{"line":28,"column":57}},"5":{"start":{"line":29,"column":32},"end":{"line":29,"column":46}},"6":{"start":{"line":31,"column":32},"end":{"line":31,"column":44}},"7":{"start":{"line":32,"column":28},"end":{"line":32,"column":40}},"8":{"start":{"line":33,"column":36},"end":{"line":33,"column":55}},"9":{"start":{"line":35,"column":32},"end":{"line":35,"column":47}},"10":{"start":{"line":36,"column":32},"end":{"line":36,"column":61}},"11":{"start":{"line":38,"column":2},"end":{"line":45,"column":9}},"12":{"start":{"line":39,"column":22},"end":{"line":43,"column":5}},"13":{"start":{"line":40,"column":16},"end":{"line":40,"column":30}},"14":{"start":{"line":41,"column":6},"end":{"line":41,"column":18}},"15":{"start":{"line":42,"column":6},"end":{"line":42,"column":24}},"16":{"start":{"line":44,"column":4},"end":{"line":44,"column":16}},"17":{"start":{"line":47,"column":20},"end":{"line":56,"column":3}},"18":{"start":{"line":48,"column":19},"end":{"line":51,"column":6}},"19":{"start":{"line":53,"column":4},"end":{"line":55,"column":5}},"20":{"start":{"line":54,"column":6},"end":{"line":54,"column":37}},"21":{"start":{"line":58,"column":27},"end":{"line":103,"column":3}},"22":{"start":{"line":59,"column":4},"end":{"line":102,"column":5}},"23":{"start":{"line":60,"column":6},"end":{"line":60,"column":23}},"24":{"start":{"line":61,"column":6},"end":{"line":61,"column":23}},"25":{"start":{"line":63,"column":21},"end":{"line":63,"column":38}},"26":{"start":{"line":64,"column":6},"end":{"line":64,"column":54}},"27":{"start":{"line":64,"column":19},"end":{"line":64,"column":54}},"28":{"start":{"line":65,"column":6},"end":{"line":68,"column":7}},"29":{"start":{"line":66,"column":8},"end":{"line":66,"column":52}},"30":{"start":{"line":67,"column":8},"end":{"line":67,"column":15}},"31":{"start":{"line":70,"column":23},"end":{"line":70,"column":37}},"32":{"start":{"line":72,"column":6},"end":{"line":72,"column":42}},"33":{"start":{"line":73,"column":6},"end":{"line":73,"column":50}},"34":{"start":{"line":74,"column":6},"end":{"line":74,"column":46}},"35":{"start":{"line":76,"column":23},"end":{"line":76,"column":53}},"36":{"start":{"line":77,"column":6},"end":{"line":77,"column":54}},"37":{"start":{"line":79,"column":18},"end":{"line":85,"column":8}},"38":{"start":{"line":87,"column":6},"end":{"line":90,"column":7}},"39":{"start":{"line":88,"column":18},"end":{"line":88,"column":34}},"40":{"start":{"line":89,"column":8},"end":{"line":89,"column":27}},"41":{"start":{"line":92,"column":6},"end":{"line":92,"column":47}},"42":{"start":{"line":93,"column":6},"end":{"line":93,"column":21}},"43":{"start":{"line":94,"column":6},"end":{"line":94,"column":19}},"44":{"start":{"line":95,"column":6},"end":{"line":95,"column":25}},"45":{"start":{"line":98,"column":6},"end":{"line":98,"column":44}},"46":{"start":{"line":99,"column":6},"end":{"line":99,"column":41}},"47":{"start":{"line":101,"column":6},"end":{"line":101,"column":24}},"48":{"start":{"line":105,"column":2},"end":{"line":112,"column":3}},"49":{"start":{"line":106,"column":4},"end":{"line":111,"column":6}},"50":{"start":{"line":114,"column":2},"end":{"line":120,"column":3}},"51":{"start":{"line":115,"column":4},"end":{"line":119,"column":6}},"52":{"start":{"line":122,"column":2},"end":{"line":168,"column":4}},"53":{"start":{"line":171,"column":21},"end":{"line":174,"column":1}},"54":{"start":{"line":172,"column":2},"end":{"line":172,"column":17}},"55":{"start":{"line":173,"column":2},"end":{"line":173,"column":28}},"56":{"start":{"line":176,"column":15},"end":{"line":219,"column":2}}},"fnMap":{"0":{"name":"(anonymous_0)","decl":{"start":{"line":22,"column":18},"end":{"line":22,"column":19}},"loc":{"start":{"line":22,"column":41},"end":{"line":25,"column":1}},"line":22},"1":{"name":"AddScreen","decl":{"start":{"line":27,"column":24},"end":{"line":27,"column":33}},"loc":{"start":{"line":27,"column":36},"end":{"line":169,"column":1}},"line":27},"2":{"name":"(anonymous_2)","decl":{"start":{"line":38,"column":12},"end":{"line":38,"column":13}},"loc":{"start":{"line":38,"column":18},"end":{"line":45,"column":3}},"line":38},"3":{"name":"(anonymous_3)","decl":{"start":{"line":39,"column":22},"end":{"line":39,"column":23}},"loc":{"start":{"line":39,"column":34},"end":{"line":43,"column":5}},"line":39},"4":{"name":"(anonymous_4)","decl":{"start":{"line":47,"column":20},"end":{"line":47,"column":21}},"loc":{"start":{"line":47,"column":32},"end":{"line":56,"column":3}},"line":47},"5":{"name":"(anonymous_5)","decl":{"start":{"line":58,"column":27},"end":{"line":58,"column":28}},"loc":{"start":{"line":58,"column":39},"end":{"line":103,"column":3}},"line":58},"6":{"name":"(anonymous_6)","decl":{"start":{"line":171,"column":21},"end":{"line":171,"column":22}},"loc":{"start":{"line":171,"column":33},"end":{"line":174,"column":1}},"line":171}},"branchMap":{"0":{"loc":{"start":{"line":53,"column":4},"end":{"line":55,"column":5}},"type":"if","locations":[{"start":{"line":53,"column":4},"end":{"line":55,"column":5}},{"start":{},"end":{}}],"line":53},"1":{"loc":{"start":{"line":64,"column":6},"end":{"line":64,"column":54}},"type":"if","locations":[{"start":{"line":64,"column":6},"end":{"line":64,"column":54}},{"start":{},"end":{}}],"line":64},"2":{"loc":{"start":{"line":65,"column":6},"end":{"line":68,"column":7}},"type":"if","locations":[{"start":{"line":65,"column":6},"end":{"line":68,"column":7}},{"start":{},"end":{}}],"line":65},"3":{"loc":{"start":{"line":87,"column":6},"end":{"line":90,"column":7}},"type":"if","locations":[{"start":{"line":87,"column":6},"end":{"line":90,"column":7}},{"start":{},"end":{}}],"line":87},"4":{"loc":{"start":{"line":105,"column":2},"end":{"line":112,"column":3}},"type":"if","locations":[{"start":{"line":105,"column":2},"end":{"line":112,"column":3}},{"start":{},"end":{}}],"line":105},"5":{"loc":{"start":{"line":114,"column":2},"end":{"line":120,"column":3}},"type":"if","locations":[{"start":{"line":114,"column":2},"end":{"line":120,"column":3}},{"start":{},"end":{}}],"line":114},"6":{"loc":{"start":{"line":130,"column":7},"end":{"line":135,"column":7}},"type":"binary-expr","locations":[{"start":{"line":130,"column":7},"end":{"line":130,"column":16}},{"start":{"line":131,"column":8},"end":{"line":134,"column":10}}],"line":130},"7":{"loc":{"start":{"line":158,"column":11},"end":{"line":158,"column":49}},"type":"cond-expr","locations":[{"start":{"line":158,"column":21},"end":{"line":158,"column":33}},{"start":{"line":158,"column":36},"end":{"line":158,"column":49}}],"line":158},"8":{"loc":{"start":{"line":162,"column":7},"end":{"line":162,"column":66}},"type":"binary-expr","locations":[{"start":{"line":162,"column":7},"end":{"line":162,"column":14}},{"start":{"line":162,"column":18},"end":{"line":162,"column":66}}],"line":162}},"s":{"0":0,"1":0,"2":0,"3":0,"4":0,"5":0,"6":0,"7":0,"8":0,"9":0,"10":0,"11":0,"12":0,"13":0,"14":0,"15":0,"16":0,"17":0,"18":0,"19":0,"20":0,"21":0,"22":0,"23":0,"24":0,"25":0,"26":0,"27":0,"28":0,"29":0,"30":0,"31":0,"32":0,"33":0,"34":0,"35":0,"36":0,"37":0,"38":0,"39":0,"40":0,"41":0,"42":0,"43":0,"44":0,"45":0,"46":0,"47":0,"48":0,"49":0,"50":0,"51":0,"52":0,"53":0,"54":0,"55":0,"56":0},"f":{"0":0,"1":0,"2":0,"3":0,"4":0,"5":0,"6":0},"b":{"0":[0,0],"1":[0,0],"2":[0,0],"3":[0,0],"4":[0,0],"5":[0,0],"6":[0,0],"7":[0,0],"8":[0,0]}}
[...]
,"/home/gabe/csumb/438/Project3Frontend/components/ui/icon-symbol.tsx": {"path":"/home/gabe/csumb/438/Project3Frontend/components/ui/icon-symbol.tsx","statementMap":{"0":{"start":{"line":16,"column":16},"end":{"line":56,"column":16}},"1":{"start":{"line":75,"column":2},"end":{"line":75,"column":88}}},"fnMap":{"0":{"name":"IconSymbol","decl":{"start":{"line":63,"column":16},"end":{"line":63,"column":26}},"loc":{"start":{"line":74,"column":3},"end":{"line":76,"column":1}},"line":74}},"branchMap":{"0":{"loc":{"start":{"line":65,"column":2},"end":{"line":65,"column":11}},"type":"default-arg","locations":[{"start":{"line":65,"column":9},"end":{"line":65,"column":11}}],"line":65}},"s":{"0":0,"1":0},"f":{"0":0},"b":{"0":[0]}}
,"/home/gabe/csumb/438/Project3Frontend/utils/api.ts": {"path":"/home/gabe/csumb/438/Project3Frontend/utils/api.ts","statementMap":{"0":{"start":{"line":3,"column":17},"end":{"line":3,"column":68}},"1":{"start":{"line":83,"column":18},"end":{"line":83,"column":32}},"2":{"start":{"line":85,"column":4},"end":{"line":88,"column":5}},"3":{"start":{"line":86,"column":8},"end":{"line":86,"column":51}},"4":{"start":{"line":87,"column":8},"end":{"line":87,"column":45}},"5":{"start":{"line":90,"column":16},"end":{"line":97,"column":6}},"6":{"start":{"line":99,"column":4},"end":{"line":114,"column":5}},"7":{"start":{"line":102,"column":8},"end":{"line":110,"column":9}},"8":{"start":{"line":103,"column":30},"end":{"line":103,"column":46}},"9":{"start":{"line":104,"column":12},"end":{"line":107,"column":33}},"10":{"start":{"line":109,"column":12},"end":{"line":109,"column":57}},"11":{"start":{"line":112,"column":8},"end":{"line":112,"column":62}},"12":{"start":{"line":113,"column":8},"end":{"line":113,"column":33}},"13":{"start":{"line":116,"column":4},"end":{"line":119,"column":5}},"14":{"start":{"line":118,"column":8},"end":{"line":118,"column":30}},"15":{"start":{"line":121,"column":4},"end":{"line":121,"column":35}},"16":{"start":{"line":131,"column":4},"end":{"line":145,"column":5}},"17":{"start":{"line":132,"column":21},"end":{"line":132,"column":71}},"18":{"start":{"line":134,"column":27},"end":{"line":139,"column":9}},"19":{"start":{"line":141,"column":8},"end":{"line":141,"column":20}},"20":{"start":{"line":143,"column":8},"end":{"line":143,"column":61}},"21":{"start":{"line":144,"column":8},"end":{"line":144,"column":20}},"22":{"start":{"line":153,"column":4},"end":{"line":168,"column":5}},"23":{"start":{"line":155,"column":25},"end":{"line":155,"column":69}},"24":{"start":{"line":157,"column":30},"end":{"line":162,"column":11}},"25":{"start":{"line":157,"column":51},"end":{"line":162,"column":9}},"26":{"start":{"line":164,"column":8},"end":{"line":164,"column":21}},"27":{"start":{"line":166,"column":8},"end":{"line":166,"column":54}},"28":{"start":{"line":167,"column":8},"end":{"line":167,"column":18}},"29":{"start":{"line":175,"column":4},"end":{"line":183,"column":5}},"30":{"start":{"line":176,"column":8},"end":{"line":179,"column":11}},"31":{"start":{"line":181,"column":8},"end":{"line":181,"column":57}},"32":{"start":{"line":182,"column":8},"end":{"line":182,"column":20}},"33":{"start":{"line":192,"column":4},"end":{"line":198,"column":5}},"34":{"start":{"line":193,"column":22},"end":{"line":193,"column":58}},"35":{"start":{"line":194,"column":8},"end":{"line":194,"column":21}},"36":{"start":{"line":196,"column":8},"end":{"line":196,"column":58}},"37":{"start":{"line":197,"column":8},"end":{"line":197,"column":18}},"38":{"start":{"line":205,"column":4},"end":{"line":211,"column":5}},"39":{"start":{"line":206,"column":22},"end":{"line":206,"column":73}},"40":{"start":{"line":207,"column":8},"end":{"line":207,"column":21}},"41":{"start":{"line":209,"column":8},"end":{"line":209,"column":62}},"42":{"start":{"line":210,"column":8},"end":{"line":210,"column":18}},"43":{"start":{"line":218,"column":4},"end":{"line":224,"column":5}},"44":{"start":{"line":219,"column":22},"end":{"line":219,"column":71}},"45":{"start":{"line":220,"column":8},"end":{"line":220,"column":21}},"46":{"start":{"line":222,"column":8},"end":{"line":222,"column":61}},"47":{"start":{"line":223,"column":8},"end":{"line":223,"column":18}},"48":{"start":{"line":231,"column":4},"end":{"line":237,"column":5}},"49":{"start":{"line":232,"column":21},"end":{"line":232,"column":61}},"50":{"start":{"line":233,"column":8},"end":{"line":233,"column":20}},"51":{"start":{"line":235,"column":8},"end":{"line":235,"column":53}},"52":{"start":{"line":236,"column":8},"end":{"line":236,"column":20}},"53":{"start":{"line":249,"column":4},"end":{"line":258,"column":5}},"54":{"start":{"line":250,"column":24},"end":{"line":253,"column":10}},"55":{"start":{"line":254,"column":8},"end":{"line":254,"column":23}},"56":{"start":{"line":256,"column":8},"end":{"line":256,"column":53}},"57":{"start":{"line":257,"column":8},"end":{"line":257,"column":20}},"58":{"start":{"line":268,"column":4},"end":{"line":277,"column":5}},"59":{"start":{"line":269,"column":24},"end":{"line":272,"column":10}},"60":{"start":{"line":273,"column":8},"end":{"line":273,"column":23}},"61":{"start":{"line":275,"column":8},"end":{"line":275,"column":53}},"62":{"start":{"line":276,"column":8},"end":{"line":276,"column":20}},"63":{"start":{"line":284,"column":4},"end":{"line":292,"column":5}},"64":{"start":{"line":285,"column":8},"end":{"line":287,"column":11}},"65":{"start":{"line":288,"column":8},"end":{"line":288,"column":20}},"66":{"start":{"line":290,"column":8},"end":{"line":290,"column":53}},"67":{"start":{"line":291,"column":8},"end":{"line":291,"column":21}},"68":{"start":{"line":302,"column":4},"end":{"line":308,"column":5}},"69":{"start":{"line":303,"column":25},"end":{"line":303,"column":86}},"70":{"start":{"line":304,"column":8},"end":{"line":304,"column":24}},"71":{"start":{"line":306,"column":8},"end":{"line":306,"column":61}},"72":{"start":{"line":307,"column":8},"end":{"line":307,"column":18}},"73":{"start":{"line":316,"column":4},"end":{"line":340,"column":5}},"74":{"start":{"line":318,"column":25},"end":{"line":318,"column":44}},"75":{"start":{"line":321,"column":27},"end":{"line":321,"column":71}},"76":{"start":{"line":321,"column":48},"end":{"line":321,"column":70}},"77":{"start":{"line":324,"column":33},"end":{"line":333,"column":9}},"78":{"start":{"line":326,"column":16},"end":{"line":331,"column":17}},"79":{"start":{"line":327,"column":37},"end":{"line":327,"column":66}},"80":{"start":{"line":328,"column":20},"end":{"line":328,"column":61}},"81":{"start":{"line":330,"column":20},"end":{"line":330,"column":32}},"82":{"start":{"line":336,"column":8},"end":{"line":336,"column":78}},"83":{"start":{"line":336,"column":63},"end":{"line":336,"column":76}},"84":{"start":{"line":338,"column":8},"end":{"line":338,"column":75}},"85":{"start":{"line":339,"column":8},"end":{"line":339,"column":18}}},"fnMap":{"0":{"name":"apiFetch","decl":{"start":{"line":79,"column":22},"end":{"line":79,"column":30}},"loc":{"start":{"line":82,"column":14},"end":{"line":122,"column":1}},"line":82},"1":{"name":"getCurrentUser","decl":{"start":{"line":130,"column":22},"end":{"line":130,"column":36}},"loc":{"start":{"line":130,"column":61},"end":{"line":146,"column":1}},"line":130},"2":{"name":"getAllUsers","decl":{"start":{"line":152,"column":22},"end":{"line":152,"column":33}},"loc":{"start":{"line":152,"column":53},"end":{"line":169,"column":1}},"line":152},"3":{"name":"(anonymous_3)","decl":{"start":{"line":157,"column":43},"end":{"line":157,"column":44}},"loc":{"start":{"line":157,"column":51},"end":{"line":162,"column":9}},"line":157},"4":{"name":"updateUsername","decl":{"start":{"line":174,"column":22},"end":{"line":174,"column":36}},"loc":{"start":{"line":174,"column":86},"end":{"line":184,"column":1}},"line":174},"5":{"name":"getAllPosts","decl":{"start":{"line":191,"column":22},"end":{"line":191,"column":33}},"loc":{"start":{"line":191,"column":53},"end":{"line":199,"column":1}},"line":191},"6":{"name":"getPostsByUser","decl":{"start":{"line":204,"column":22},"end":{"line":204,"column":36}},"loc":{"start":{"line":204,"column":70},"end":{"line":212,"column":1}},"line":204},"7":{"name":"getPostsByCat","decl":{"start":{"line":217,"column":22},"end":{"line":217,"column":35}},"loc":{"start":{"line":217,"column":68},"end":{"line":225,"column":1}},"line":217},"8":{"name":"getPost","decl":{"start":{"line":230,"column":22},"end":{"line":230,"column":29}},"loc":{"start":{"line":230,"column":64},"end":{"line":238,"column":1}},"line":230},"9":{"name":"createPost","decl":{"start":{"line":243,"column":22},"end":{"line":243,"column":32}},"loc":{"start":{"line":248,"column":25},"end":{"line":259,"column":1}},"line":248},"10":{"name":"updatePost","decl":{"start":{"line":264,"column":22},"end":{"line":264,"column":32}},"loc":{"start":{"line":267,"column":24},"end":{"line":278,"column":1}},"line":267},"11":{"name":"deletePost","decl":{"start":{"line":283,"column":22},"end":{"line":283,"column":32}},"loc":{"start":{"line":283,"column":63},"end":{"line":293,"column":1}},"line":283},"12":{"name":"getChatHistory","decl":{"start":{"line":301,"column":22},"end":{"line":301,"column":36}},"loc":{"start":{"line":301,"column":82},"end":{"line":309,"column":1}},"line":301},"13":{"name":"getUsersWithMessageHistory","decl":{"start":{"line":315,"column":22},"end":{"line":315,"column":48}},"loc":{"start":{"line":315,"column":89},"end":{"line":341,"column":1}},"line":315},"14":{"name":"(anonymous_14)","decl":{"start":{"line":321,"column":43},"end":{"line":321,"column":44}},"loc":{"start":{"line":321,"column":48},"end":{"line":321,"column":70}},"line":321},"15":{"name":"(anonymous_15)","decl":{"start":{"line":325,"column":27},"end":{"line":325,"column":28}},"loc":{"start":{"line":325,"column":43},"end":{"line":332,"column":13}},"line":325},"16":{"name":"(anonymous_16)","decl":{"start":{"line":336,"column":39},"end":{"line":336,"column":40}},"loc":{"start":{"line":336,"column":63},"end":{"line":336,"column":76}},"line":336}},"branchMap":{"0":{"loc":{"start":{"line":81,"column":4},"end":{"line":81,"column":29}},"type":"default-arg","locations":[{"start":{"line":81,"column":27},"end":{"line":81,"column":29}}],"line":81},"1":{"loc":{"start":{"line":85,"column":4},"end":{"line":88,"column":5}},"type":"if","locations":[{"start":{"line":85,"column":4},"end":{"line":88,"column":5}},{"start":{},"end":{}}],"line":85},"2":{"loc":{"start":{"line":95,"column":16},"end":{"line":95,"column":37}},"type":"binary-expr","locations":[{"start":{"line":95,"column":16},"end":{"line":95,"column":31}},{"start":{"line":95,"column":35},"end":{"line":95,"column":37}}],"line":95},"3":{"loc":{"start":{"line":99,"column":4},"end":{"line":114,"column":5}},"type":"if","locations":[{"start":{"line":99,"column":4},"end":{"line":114,"column":5}},{"start":{},"end":{}}],"line":99},"4":{"loc":{"start":{"line":105,"column":16},"end":{"line":107,"column":32}},"type":"binary-expr","locations":[{"start":{"line":105,"column":17},"end":{"line":105,"column":26}},{"start":{"line":105,"column":31},"end":{"line":105,"column":46}},{"start":{"line":105,"column":50},"end":{"line":105,"column":67}},{"start":{"line":106,"column":16},"end":{"line":106,"column":30}},{"start":{"line":107,"column":16},"end":{"line":107,"column":32}}],"line":105},"5":{"loc":{"start":{"line":109,"column":22},"end":{"line":109,"column":56}},"type":"binary-expr","locations":[{"start":{"line":109,"column":22},"end":{"line":109,"column":36}},{"start":{"line":109,"column":40},"end":{"line":109,"column":56}}],"line":109},"6":{"loc":{"start":{"line":116,"column":4},"end":{"line":119,"column":5}},"type":"if","locations":[{"start":{"line":116,"column":4},"end":{"line":119,"column":5}},{"start":{},"end":{}}],"line":116},"7":{"loc":{"start":{"line":158,"column":16},"end":{"line":158,"column":32}},"type":"binary-expr","locations":[{"start":{"line":158,"column":16},"end":{"line":158,"column":24}},{"start":{"line":158,"column":28},"end":{"line":158,"column":32}}],"line":158},"8":{"loc":{"start":{"line":328,"column":27},"end":{"line":328,"column":60}},"type":"cond-expr","locations":[{"start":{"line":328,"column":49},"end":{"line":328,"column":53}},{"start":{"line":328,"column":56},"end":{"line":328,"column":60}}],"line":328}},"s":{"0":4,"1":7,"2":7,"3":0,"4":0,"5":7,"6":4,"7":0,"8":0,"9":0,"10":0,"11":0,"12":0,"13":4,"14":0,"15":4,"16":2,"17":2,"18":1,"19":1,"20":1,"21":1,"22":2,"23":2,"24":1,"25":2,"26":1,"27":1,"28":1,"29":0,"30":0,"31":0,"32":0,"33":2,"34":2,"35":1,"36":1,"37":1,"38":1,"39":1,"40":1,"41":0,"42":0,"43":0,"44":0,"45":0,"46":0,"47":0,"48":0,"49":0,"50":0,"51":0,"52":0,"53":0,"54":0,"55":0,"56":0,"57":0,"58":0,"59":0,"60":0,"61":0,"62":0,"63":0,"64":0,"65":0,"66":0,"67":0,"68":0,"69":0,"70":0,"71":0,"72":0,"73":0,"74":0,"75":0,"76":0,"77":0,"78":0,"79":0,"80":0,"81":0,"82":0,"83":0,"84":0,"85":0},"f":{"0":7,"1":2,"2":2,"3":2,"4":0,"5":2,"6":1,"7":0,"8":0,"9":0,"10":0,"11":0,"12":0,"13":0,"14":0,"15":0,"16":0},"b":{"0":[7],"1":[0,7],"2":[7,7],"3":[0,4],"4":[0,0,0,0,0],"5":[0,0],"6":[0,4],"7":[2,0],"8":[0,0]},"_coverageSchema":"1a1c01bbd47fc00a2c39e90264f33305004495a9","hash":"88f52193c3b7993261b8b849c79d155705f1e04c"}
,"/home/gabe/csumb/438/Project3Frontend/utils/auth.ts": {"path":"/home/gabe/csumb/438/Project3Frontend/utils/auth.ts","statementMap":{"0":{"start":{"line":5,"column":16},"end":{"line":5,"column":31}},"1":{"start":{"line":8,"column":4},"end":{"line":10,"column":3}},"2":{"start":{"line":9,"column":4},"end":{"line":9,"column":46}},"3":{"start":{"line":11,"column":2},"end":{"line":11,"column":47}},"4":{"start":{"line":14,"column":32},"end":{"line":19,"column":1}},"5":{"start":{"line":15,"column":16},"end":{"line":15,"column":51}},"6":{"start":{"line":16,"column":2},"end":{"line":16,"column":26}},"7":{"start":{"line":16,"column":14},"end":{"line":16,"column":26}},"8":{"start":{"line":17,"column":17},"end":{"line":17,"column":30}},"9":{"start":{"line":18,"column":2},"end":{"line":18,"column":46}},"10":{"start":{"line":21,"column":32},"end":{"line":27,"column":1}},"11":{"start":{"line":22,"column":2},"end":{"line":26,"column":3}},"12":{"start":{"line":23,"column":4},"end":{"line":23,"column":43}},"13":{"start":{"line":25,"column":4},"end":{"line":25,"column":52}},"14":{"start":{"line":30,"column":2},"end":{"line":34,"column":3}},"15":{"start":{"line":31,"column":4},"end":{"line":31,"column":42}},"16":{"start":{"line":33,"column":4},"end":{"line":33,"column":45}},"17":{"start":{"line":37,"column":2},"end":{"line":41,"column":3}},"18":{"start":{"line":38,"column":4},"end":{"line":38,"column":52}},"19":{"start":{"line":40,"column":4},"end":{"line":40,"column":51}},"20":{"start":{"line":45,"column":2},"end":{"line":58,"column":3}},"21":{"start":{"line":46,"column":22},"end":{"line":46,"column":41}},"22":{"start":{"line":47,"column":17},"end":{"line":47,"column":64}},"23":{"start":{"line":48,"column":4},"end":{"line":50,"column":5}},"24":{"start":{"line":49,"column":6},"end":{"line":49,"column":20}},"25":{"start":{"line":51,"column":24},"end":{"line":53,"column":16}},"26":{"start":{"line":52,"column":6},"end":{"line":52,"column":67}},"27":{"start":{"line":54,"column":4},"end":{"line":54,"column":35}},"28":{"start":{"line":56,"column":4},"end":{"line":56,"column":48}},"29":{"start":{"line":57,"column":4},"end":{"line":57,"column":16}},"30":{"start":{"line":62,"column":16},"end":{"line":62,"column":30}},"31":{"start":{"line":63,"column":2},"end":{"line":63,"column":26}},"32":{"start":{"line":63,"column":14},"end":{"line":63,"column":26}},"33":{"start":{"line":65,"column":18},"end":{"line":65,"column":41}},"34":{"start":{"line":66,"column":2},"end":{"line":66,"column":28}},"35":{"start":{"line":66,"column":16},"end":{"line":66,"column":28}},"36":{"start":{"line":68,"column":2},"end":{"line":73,"column":4}}},"fnMap":{"0":{"name":"getJwt","decl":{"start":{"line":7,"column":22},"end":{"line":7,"column":28}},"loc":{"start":{"line":7,"column":31},"end":{"line":12,"column":1}},"line":7},"1":{"name":"(anonymous_1)","decl":{"start":{"line":14,"column":32},"end":{"line":14,"column":33}},"loc":{"start":{"line":14,"column":68},"end":{"line":19,"column":1}},"line":14},"2":{"name":"(anonymous_2)","decl":{"start":{"line":21,"column":32},"end":{"line":21,"column":33}},"loc":{"start":{"line":21,"column":76},"end":{"line":27,"column":1}},"line":21},"3":{"name":"logout","decl":{"start":{"line":28,"column":22},"end":{"line":28,"column":28}},"loc":{"start":{"line":28,"column":31},"end":{"line":42,"column":1}},"line":28},"4":{"name":"decodeJwtPayload","decl":{"start":{"line":44,"column":9},"end":{"line":44,"column":25}},"loc":{"start":{"line":44,"column":53},"end":{"line":59,"column":1}},"line":44},"5":{"name":"(anonymous_5)","decl":{"start":{"line":51,"column":70},"end":{"line":51,"column":71}},"loc":{"start":{"line":51,"column":77},"end":{"line":53,"column":5}},"line":51},"6":{"name":"getUserId","decl":{"start":{"line":61,"column":22},"end":{"line":61,"column":31}},"loc":{"start":{"line":61,"column":58},"end":{"line":74,"column":1}},"line":61}},"branchMap":{"0":{"loc":{"start":{"line":8,"column":4},"end":{"line":10,"column":3}},"type":"if","locations":[{"start":{"line":8,"column":4},"end":{"line":10,"column":3}},{"start":{},"end":{}}],"line":8},"1":{"loc":{"start":{"line":16,"column":2},"end":{"line":16,"column":26}},"type":"if","locations":[{"start":{"line":16,"column":2},"end":{"line":16,"column":26}},{"start":{},"end":{}}],"line":16},"2":{"loc":{"start":{"line":18,"column":9},"end":{"line":18,"column":45}},"type":"cond-expr","locations":[{"start":{"line":18,"column":32},"end":{"line":18,"column":36}},{"start":{"line":18,"column":39},"end":{"line":18,"column":45}}],"line":18},"3":{"loc":{"start":{"line":22,"column":2},"end":{"line":26,"column":3}},"type":"if","locations":[{"start":{"line":22,"column":2},"end":{"line":26,"column":3}},{"start":{"line":24,"column":9},"end":{"line":26,"column":3}}],"line":22},"4":{"loc":{"start":{"line":30,"column":2},"end":{"line":34,"column":3}},"type":"if","locations":[{"start":{"line":30,"column":2},"end":{"line":34,"column":3}},{"start":{"line":32,"column":9},"end":{"line":34,"column":3}}],"line":30},"5":{"loc":{"start":{"line":37,"column":2},"end":{"line":41,"column":3}},"type":"if","locations":[{"start":{"line":37,"column":2},"end":{"line":41,"column":3}},{"start":{"line":39,"column":9},"end":{"line":41,"column":3}}],"line":37},"6":{"loc":{"start":{"line":63,"column":2},"end":{"line":63,"column":26}},"type":"if","locations":[{"start":{"line":63,"column":2},"end":{"line":63,"column":26}},{"start":{},"end":{}}],"line":63},"7":{"loc":{"start":{"line":66,"column":2},"end":{"line":66,"column":28}},"type":"if","locations":[{"start":{"line":66,"column":2},"end":{"line":66,"column":28}},{"start":{},"end":{}}],"line":66},"8":{"loc":{"start":{"line":69,"column":4},"end":{"line":72,"column":8}},"type":"binary-expr","locations":[{"start":{"line":69,"column":4},"end":{"line":69,"column":14}},{"start":{"line":70,"column":4},"end":{"line":70,"column":18}},{"start":{"line":71,"column":4},"end":{"line":71,"column":23}},{"start":{"line":72,"column":4},"end":{"line":72,"column":8}}],"line":69}},"s":{"0":5,"1":5,"2":0,"3":5,"4":5,"5":0,"6":0,"7":0,"8":0,"9":0,"10":5,"11":0,"12":0,"13":0,"14":0,"15":0,"16":0,"17":0,"18":0,"19":0,"20":2,"21":2,"22":2,"23":1,"24":0,"25":1,"26":14,"27":1,"28":1,"29":1,"30":3,"31":3,"32":1,"33":2,"34":2,"35":1,"36":1},"f":{"0":5,"1":0,"2":0,"3":0,"4":2,"5":14,"6":3},"b":{"0":[0,5],"1":[0,0],"2":[0,0],"3":[0,0],"4":[0,0],"5":[0,0],"6":[1,2],"7":[1,1],"8":[1,1,0,0]},"_coverageSchema":"1a1c01bbd47fc00a2c39e90264f33305004495a9","hash":"a97483f52018945fcc836761d65ea905fe6fc60a"}
}
